2012-05-14 20:13:23 Error: [MissingViewException] View file "/Users/satoshi-mayumi/Sites/cakephp2/app/View/Pages/display.ctp" is missing.
#0 /Users/satoshi-mayumi/Sites/cakephp2/lib/Cake/View/View.php(460): View->_getViewFileName(NULL)
#1 /Users/satoshi-mayumi/Sites/cakephp2/lib/Cake/Controller/Controller.php(959): View->render(NULL, NULL)
#2 /Users/satoshi-mayumi/Sites/cakephp2/lib/Cake/Routing/Dispatcher.php(110): Controller->render()
#3 /Users/satoshi-mayumi/Sites/cakephp2/lib/Cake/Routing/Dispatcher.php(85): Dispatcher->_invoke(Object(PagesController), Object(CakeRequest), Object(CakeResponse))
#4 /Users/satoshi-mayumi/Sites/cakephp2/app/webroot/index.php(92): Dispatcher->dispatch(Object(CakeRequest), Object(CakeResponse))
#5 {main}
2012-05-14 20:14:44 Error: [MissingViewException] View file "/Users/satoshi-mayumi/Sites/cakephp2/app/View/Project/shoot.ctp" is missing.
#0 /Users/satoshi-mayumi/Sites/cakephp2/lib/Cake/View/View.php(460): View->_getViewFileName(NULL)
#1 /Users/satoshi-mayumi/Sites/cakephp2/lib/Cake/Controller/Controller.php(959): View->render(NULL, NULL)
#2 /Users/satoshi-mayumi/Sites/cakephp2/lib/Cake/Routing/Dispatcher.php(110): Controller->render()
#3 /Users/satoshi-mayumi/Sites/cakephp2/lib/Cake/Routing/Dispatcher.php(85): Dispatcher->_invoke(Object(ProjectController), Object(CakeRequest), Object(CakeResponse))
#4 /Users/satoshi-mayumi/Sites/cakephp2/app/webroot/index.php(92): Dispatcher->dispatch(Object(CakeRequest), Object(CakeResponse))
#5 {main}
2012-05-14 20:16:15 Error: [MissingControllerException] Controller class CssController could not be found.
#0 /Users/satoshi-mayumi/Sites/cakephp2/app/webroot/index.php(92): Dispatcher->dispatch(Object(CakeRequest), Object(CakeResponse))
#1 {main}
2012-05-14 20:16:15 Error: [MissingControllerException] Controller class CssController could not be found.
#0 /Users/satoshi-mayumi/Sites/cakephp2/app/webroot/index.php(92): Dispatcher->dispatch(Object(CakeRequest), Object(CakeResponse))
#1 {main}
2012-05-14 20:16:15 Error: [MissingControllerException] Controller class CssController could not be found.
#0 /Users/satoshi-mayumi/Sites/cakephp2/app/webroot/index.php(92): Dispatcher->dispatch(Object(CakeRequest), Object(CakeResponse))
#1 {main}
2012-05-14 20:16:15 Error: [MissingControllerException] Controller class AssetsController could not be found.
#0 /Users/satoshi-mayumi/Sites/cakephp2/app/webroot/index.php(92): Dispatcher->dispatch(Object(CakeRequest), Object(CakeResponse))
#1 {main}
2012-05-14 20:16:15 Error: [MissingControllerException] Controller class JsController could not be found.
#0 /Users/satoshi-mayumi/Sites/cakephp2/app/webroot/index.php(92): Dispatcher->dispatch(Object(CakeRequest), Object(CakeResponse))
#1 {main}
2012-05-14 20:16:15 Error: [MissingControllerException] Controller class JsController could not be found.
#0 /Users/satoshi-mayumi/Sites/cakephp2/app/webroot/index.php(92): Dispatcher->dispatch(Object(CakeRequest), Object(CakeResponse))
#1 {main}
2012-05-14 20:16:15 Error: [MissingControllerException] Controller class JsController could not be found.
#0 /Users/satoshi-mayumi/Sites/cakephp2/app/webroot/index.php(92): Dispatcher->dispatch(Object(CakeRequest), Object(CakeResponse))
#1 {main}
2012-05-14 20:16:15 Error: [MissingControllerException] Controller class JsController could not be found.
#0 /Users/satoshi-mayumi/Sites/cakephp2/app/webroot/index.php(92): Dispatcher->dispatch(Object(CakeRequest), Object(CakeResponse))
#1 {main}
2012-05-14 20:16:15 Error: [MissingControllerException] Controller class JsController could not be found.
#0 /Users/satoshi-mayumi/Sites/cakephp2/app/webroot/index.php(92): Dispatcher->dispatch(Object(CakeRequest), Object(CakeResponse))
#1 {main}
2012-05-14 20:16:15 Error: [MissingControllerException] Controller class JsController could not be found.
#0 /Users/satoshi-mayumi/Sites/cakephp2/app/webroot/index.php(92): Dispatcher->dispatch(Object(CakeRequest), Object(CakeResponse))
#1 {main}
2012-05-14 20:16:15 Error: [MissingControllerException] Controller class JsController could not be found.
#0 /Users/satoshi-mayumi/Sites/cakephp2/app/webroot/index.php(92): Dispatcher->dispatch(Object(CakeRequest), Object(CakeResponse))
#1 {main}
2012-05-14 20:16:15 Error: [MissingControllerException] Controller class JsController could not be found.
#0 /Users/satoshi-mayumi/Sites/cakephp2/app/webroot/index.php(92): Dispatcher->dispatch(Object(CakeRequest), Object(CakeResponse))
#1 {main}
2012-05-14 20:16:15 Error: [MissingControllerException] Controller class JsController could not be found.
#0 /Users/satoshi-mayumi/Sites/cakephp2/app/webroot/index.php(92): Dispatcher->dispatch(Object(CakeRequest), Object(CakeResponse))
#1 {main}
2012-05-14 20:16:15 Error: [MissingControllerException] Controller class JsController could not be found.
#0 /Users/satoshi-mayumi/Sites/cakephp2/app/webroot/index.php(92): Dispatcher->dispatch(Object(CakeRequest), Object(CakeResponse))
#1 {main}
2012-05-14 20:16:15 Error: [MissingControllerException] Controller class JsController could not be found.
#0 /Users/satoshi-mayumi/Sites/cakephp2/app/webroot/index.php(92): Dispatcher->dispatch(Object(CakeRequest), Object(CakeResponse))
#1 {main}
2012-05-14 20:16:15 Error: [MissingControllerException] Controller class JsController could not be found.
#0 /Users/satoshi-mayumi/Sites/cakephp2/app/webroot/index.php(92): Dispatcher->dispatch(Object(CakeRequest), Object(CakeResponse))
#1 {main}
2012-05-14 20:16:15 Error: [MissingControllerException] Controller class JsController could not be found.
#0 /Users/satoshi-mayumi/Sites/cakephp2/app/webroot/index.php(92): Dispatcher->dispatch(Object(CakeRequest), Object(CakeResponse))
#1 {main}
2012-05-14 20:16:15 Error: [MissingControllerException] Controller class JsController could not be found.
#0 /Users/satoshi-mayumi/Sites/cakephp2/app/webroot/index.php(92): Dispatcher->dispatch(Object(CakeRequest), Object(CakeResponse))
#1 {main}
2012-05-14 20:16:15 Error: [MissingControllerException] Controller class JsController could not be found.
#0 /Users/satoshi-mayumi/Sites/cakephp2/app/webroot/index.php(92): Dispatcher->dispatch(Object(CakeRequest), Object(CakeResponse))
#1 {main}
2012-05-14 20:16:16 Error: [MissingControllerException] Controller class <preClass=Controller could not be found.
#0 /Users/satoshi-mayumi/Sites/cakephp2/app/webroot/index.php(92): Dispatcher->dispatch(Object(CakeRequest), Object(CakeResponse))
#1 {main}
2012-05-14 20:17:06 Error: [MissingControllerException] Controller class CssController could not be found.
#0 /Users/satoshi-mayumi/Sites/cakephp2/app/webroot/index.php(92): Dispatcher->dispatch(Object(CakeRequest), Object(CakeResponse))
#1 {main}
2012-05-14 20:17:06 Error: [MissingControllerException] Controller class CssController could not be found.
#0 /Users/satoshi-mayumi/Sites/cakephp2/app/webroot/index.php(92): Dispatcher->dispatch(Object(CakeRequest), Object(CakeResponse))
#1 {main}
2012-05-14 20:17:06 Error: [MissingControllerException] Controller class AssetsController could not be found.
#0 /Users/satoshi-mayumi/Sites/cakephp2/app/webroot/index.php(92): Dispatcher->dispatch(Object(CakeRequest), Object(CakeResponse))
#1 {main}
2012-05-14 20:17:06 Error: [MissingControllerException] Controller class JsController could not be found.
#0 /Users/satoshi-mayumi/Sites/cakephp2/app/webroot/index.php(92): Dispatcher->dispatch(Object(CakeRequest), Object(CakeResponse))
#1 {main}
2012-05-14 20:17:06 Error: [MissingControllerException] Controller class CssController could not be found.
#0 /Users/satoshi-mayumi/Sites/cakephp2/app/webroot/index.php(92): Dispatcher->dispatch(Object(CakeRequest), Object(CakeResponse))
#1 {main}
2012-05-14 20:17:06 Error: [MissingControllerException] Controller class JsController could not be found.
#0 /Users/satoshi-mayumi/Sites/cakephp2/app/webroot/index.php(92): Dispatcher->dispatch(Object(CakeRequest), Object(CakeResponse))
#1 {main}
2012-05-14 20:17:06 Error: [MissingControllerException] Controller class JsController could not be found.
#0 /Users/satoshi-mayumi/Sites/cakephp2/app/webroot/index.php(92): Dispatcher->dispatch(Object(CakeRequest), Object(CakeResponse))
#1 {main}
2012-05-14 20:17:06 Error: [MissingControllerException] Controller class JsController could not be found.
#0 /Users/satoshi-mayumi/Sites/cakephp2/app/webroot/index.php(92): Dispatcher->dispatch(Object(CakeRequest), Object(CakeResponse))
#1 {main}
2012-05-14 20:17:06 Error: [MissingControllerException] Controller class JsController could not be found.
#0 /Users/satoshi-mayumi/Sites/cakephp2/app/webroot/index.php(92): Dispatcher->dispatch(Object(CakeRequest), Object(CakeResponse))
#1 {main}
2012-05-14 20:17:06 Error: [MissingControllerException] Controller class JsController could not be found.
#0 /Users/satoshi-mayumi/Sites/cakephp2/app/webroot/index.php(92): Dispatcher->dispatch(Object(CakeRequest), Object(CakeResponse))
#1 {main}
2012-05-14 20:17:06 Error: [MissingControllerException] Controller class JsController could not be found.
#0 /Users/satoshi-mayumi/Sites/cakephp2/app/webroot/index.php(92): Dispatcher->dispatch(Object(CakeRequest), Object(CakeResponse))
#1 {main}
2012-05-14 20:17:06 Error: [MissingControllerException] Controller class JsController could not be found.
#0 /Users/satoshi-mayumi/Sites/cakephp2/app/webroot/index.php(92): Dispatcher->dispatch(Object(CakeRequest), Object(CakeResponse))
#1 {main}
2012-05-14 20:17:06 Error: [MissingControllerException] Controller class JsController could not be found.
#0 /Users/satoshi-mayumi/Sites/cakephp2/app/webroot/index.php(92): Dispatcher->dispatch(Object(CakeRequest), Object(CakeResponse))
#1 {main}
2012-05-14 20:17:06 Error: [MissingControllerException] Controller class JsController could not be found.
#0 /Users/satoshi-mayumi/Sites/cakephp2/app/webroot/index.php(92): Dispatcher->dispatch(Object(CakeRequest), Object(CakeResponse))
#1 {main}
2012-05-14 20:17:06 Error: [MissingControllerException] Controller class JsController could not be found.
#0 /Users/satoshi-mayumi/Sites/cakephp2/app/webroot/index.php(92): Dispatcher->dispatch(Object(CakeRequest), Object(CakeResponse))
#1 {main}
2012-05-14 20:17:06 Error: [MissingControllerException] Controller class JsController could not be found.
#0 /Users/satoshi-mayumi/Sites/cakephp2/app/webroot/index.php(92): Dispatcher->dispatch(Object(CakeRequest), Object(CakeResponse))
#1 {main}
2012-05-14 20:17:06 Error: [MissingControllerException] Controller class JsController could not be found.
#0 /Users/satoshi-mayumi/Sites/cakephp2/app/webroot/index.php(92): Dispatcher->dispatch(Object(CakeRequest), Object(CakeResponse))
#1 {main}
2012-05-14 20:17:06 Error: [MissingControllerException] Controller class JsController could not be found.
#0 /Users/satoshi-mayumi/Sites/cakephp2/app/webroot/index.php(92): Dispatcher->dispatch(Object(CakeRequest), Object(CakeResponse))
#1 {main}
2012-05-14 20:17:06 Error: [MissingControllerException] Controller class JsController could not be found.
#0 /Users/satoshi-mayumi/Sites/cakephp2/app/webroot/index.php(92): Dispatcher->dispatch(Object(CakeRequest), Object(CakeResponse))
#1 {main}
2012-05-14 20:18:42 Error: [MissingControllerException] Controller class CssController could not be found.
#0 /Users/satoshi-mayumi/Sites/cakephp2/app/webroot/index.php(92): Dispatcher->dispatch(Object(CakeRequest), Object(CakeResponse))
#1 {main}
2012-05-14 20:18:42 Error: [MissingControllerException] Controller class AssetsController could not be found.
#0 /Users/satoshi-mayumi/Sites/cakephp2/app/webroot/index.php(92): Dispatcher->dispatch(Object(CakeRequest), Object(CakeResponse))
#1 {main}
2012-05-14 20:18:44 Error: [MissingControllerException] Controller class AssetsController could not be found.
#0 /Users/satoshi-mayumi/Sites/cakephp2/app/webroot/index.php(92): Dispatcher->dispatch(Object(CakeRequest), Object(CakeResponse))
#1 {main}
2012-05-14 20:18:44 Error: [MissingControllerException] Controller class CssController could not be found.
#0 /Users/satoshi-mayumi/Sites/cakephp2/app/webroot/index.php(92): Dispatcher->dispatch(Object(CakeRequest), Object(CakeResponse))
#1 {main}
2012-05-14 20:19:11 Error: [MissingControllerException] Controller class AssetsController could not be found.
#0 /Users/satoshi-mayumi/Sites/cakephp2/app/webroot/index.php(92): Dispatcher->dispatch(Object(CakeRequest), Object(CakeResponse))
#1 {main}
2012-05-14 20:19:14 Error: [MissingControllerException] Controller class AssetsController could not be found.
#0 /Users/satoshi-mayumi/Sites/cakephp2/app/webroot/index.php(92): Dispatcher->dispatch(Object(CakeRequest), Object(CakeResponse))
#1 {main}
2012-05-14 20:19:24 Error: [MissingActionException] Action ProjectController::list() could not be found.
#0 /Users/satoshi-mayumi/Sites/cakephp2/lib/Cake/Routing/Dispatcher.php(103): Controller->invokeAction(Object(CakeRequest))
#1 /Users/satoshi-mayumi/Sites/cakephp2/lib/Cake/Routing/Dispatcher.php(85): Dispatcher->_invoke(Object(ProjectController), Object(CakeRequest), Object(CakeResponse))
#2 /Users/satoshi-mayumi/Sites/cakephp2/app/webroot/index.php(92): Dispatcher->dispatch(Object(CakeRequest), Object(CakeResponse))
#3 {main}
2012-05-14 20:19:24 Error: [MissingActionException] Action ProjectController::assets() could not be found.
#0 /Users/satoshi-mayumi/Sites/cakephp2/lib/Cake/Routing/Dispatcher.php(103): Controller->invokeAction(Object(CakeRequest))
#1 /Users/satoshi-mayumi/Sites/cakephp2/lib/Cake/Routing/Dispatcher.php(85): Dispatcher->_invoke(Object(ProjectController), Object(CakeRequest), Object(CakeResponse))
#2 /Users/satoshi-mayumi/Sites/cakephp2/app/webroot/index.php(92): Dispatcher->dispatch(Object(CakeRequest), Object(CakeResponse))
#3 {main}
2012-05-14 20:20:30 Error: [MissingActionException] Action ProjectController::assets() could not be found.
#0 /Users/satoshi-mayumi/Sites/cakephp2/lib/Cake/Routing/Dispatcher.php(103): Controller->invokeAction(Object(CakeRequest))
#1 /Users/satoshi-mayumi/Sites/cakephp2/lib/Cake/Routing/Dispatcher.php(85): Dispatcher->_invoke(Object(ProjectController), Object(CakeRequest), Object(CakeResponse))
#2 /Users/satoshi-mayumi/Sites/cakephp2/app/webroot/index.php(92): Dispatcher->dispatch(Object(CakeRequest), Object(CakeResponse))
#3 {main}
2012-05-14 20:20:45 Error: [MissingActionException] Action ProjectController::assets() could not be found.
#0 /Users/satoshi-mayumi/Sites/cakephp2/lib/Cake/Routing/Dispatcher.php(103): Controller->invokeAction(Object(CakeRequest))
#1 /Users/satoshi-mayumi/Sites/cakephp2/lib/Cake/Routing/Dispatcher.php(85): Dispatcher->_invoke(Object(ProjectController), Object(CakeRequest), Object(CakeResponse))
#2 /Users/satoshi-mayumi/Sites/cakephp2/app/webroot/index.php(92): Dispatcher->dispatch(Object(CakeRequest), Object(CakeResponse))
#3 {main}
2012-05-15 11:43:11 Error: [MissingControllerException] Controller class AssetsController could not be found.
#0 /Users/satoshi-mayumi/Sites/hibidori/app/webroot/index.php(92): Dispatcher->dispatch(Object(CakeRequest), Object(CakeResponse))
#1 {main}
<<<<<<< HEAD
2012-05-15 17:34:44 Error: [MissingControllerException] Controller class AssetsController could not be found.
#0 C:\hibidori\app\webroot\index.php(92): Dispatcher->dispatch(Object(CakeRequest), Object(CakeResponse))
#1 {main}
2012-05-15 17:34:50 Error: [MissingControllerException] Controller class AssetsController could not be found.
#0 C:\hibidori\app\webroot\index.php(92): Dispatcher->dispatch(Object(CakeRequest), Object(CakeResponse))
#1 {main}
2012-05-15 17:35:27 Error: [MissingControllerException] Controller class AssetsController could not be found.
#0 C:\hibidori\app\webroot\index.php(92): Dispatcher->dispatch(Object(CakeRequest), Object(CakeResponse))
#1 {main}
2012-05-15 17:35:29 Error: [MissingActionException] Action ProjectController::assets() could not be found.
#0 C:\hibidori\lib\Cake\Routing\Dispatcher.php(103): Controller->invokeAction(Object(CakeRequest))
#1 C:\hibidori\lib\Cake\Routing\Dispatcher.php(85): Dispatcher->_invoke(Object(ProjectController), Object(CakeRequest), Object(CakeResponse))
#2 C:\hibidori\app\webroot\index.php(92): Dispatcher->dispatch(Object(CakeRequest), Object(CakeResponse))
#3 {main}
2012-05-15 17:35:32 Error: [MissingControllerException] Controller class AssetsController could not be found.
#0 C:\hibidori\app\webroot\index.php(92): Dispatcher->dispatch(Object(CakeRequest), Object(CakeResponse))
#1 {main}
2012-05-15 17:39:55 Error: [MissingActionException] Action ProjectController::assets() could not be found.
#0 C:\hibidori\lib\Cake\Routing\Dispatcher.php(103): Controller->invokeAction(Object(CakeRequest))
#1 C:\hibidori\lib\Cake\Routing\Dispatcher.php(85): Dispatcher->_invoke(Object(ProjectController), Object(CakeRequest), Object(CakeResponse))
#2 C:\hibidori\app\webroot\index.php(92): Dispatcher->dispatch(Object(CakeRequest), Object(CakeResponse))
#3 {main}
=======
<<<<<<< HEAD
2012-05-16 18:59:41 Error: [MissingControllerException] Controller class Index.phpController could not be found.
#0 /Users/tomoko-monzen/work/hibidori/app/webroot/index.php(92): Dispatcher->dispatch(Object(CakeRequest), Object(CakeResponse))
#1 {main}
2012-05-16 19:02:53 Error: [MissingControllerException] Controller class Index.phpController could not be found.
#0 /Users/tomoko-monzen/work/hibidori/app/webroot/index.php(92): Dispatcher->dispatch(Object(CakeRequest), Object(CakeResponse))
#1 {main}
2012-05-16 19:02:57 Error: [MissingControllerException] Controller class Index.phpController could not be found.
#0 /Users/tomoko-monzen/work/hibidori/app/webroot/index.php(92): Dispatcher->dispatch(Object(CakeRequest), Object(CakeResponse))
#1 {main}
2012-05-16 19:03:18 Error: [MissingControllerException] Controller class Index.phpController could not be found.
#0 /Users/tomoko-monzen/work/hibidori/app/webroot/index.php(92): Dispatcher->dispatch(Object(CakeRequest), Object(CakeResponse))
#1 {main}
2012-05-16 19:03:22 Error: [MissingControllerException] Controller class Index.phpController could not be found.
#0 /Users/tomoko-monzen/work/hibidori/app/webroot/index.php(92): Dispatcher->dispatch(Object(CakeRequest), Object(CakeResponse))
#1 {main}
2012-05-16 19:06:11 Error: [MissingControllerException] Controller class AssetsController could not be found.
#0 /Users/tomoko-monzen/work/hibidori/app/webroot/index.php(92): Dispatcher->dispatch(Object(CakeRequest), Object(CakeResponse))
#1 {main}
2012-05-16 19:06:21 Error: [MissingActionException] Action ProjectController::assets() could not be found.
#0 /Users/tomoko-monzen/work/hibidori/lib/Cake/Routing/Dispatcher.php(103): Controller->invokeAction(Object(CakeRequest))
#1 /Users/tomoko-monzen/work/hibidori/lib/Cake/Routing/Dispatcher.php(85): Dispatcher->_invoke(Object(ProjectController), Object(CakeRequest), Object(CakeResponse))
#2 /Users/tomoko-monzen/work/hibidori/app/webroot/index.php(92): Dispatcher->dispatch(Object(CakeRequest), Object(CakeResponse))
#3 {main}
2012-05-16 19:06:23 Error: [MissingControllerException] Controller class AssetsController could not be found.
#0 /Users/tomoko-monzen/work/hibidori/app/webroot/index.php(92): Dispatcher->dispatch(Object(CakeRequest), Object(CakeResponse))
#1 {main}
2012-05-16 19:06:32 Error: [MissingControllerException] Controller class AssetsController could not be found.
#0 /Users/tomoko-monzen/work/hibidori/app/webroot/index.php(92): Dispatcher->dispatch(Object(CakeRequest), Object(CakeResponse))
#1 {main}
2012-05-16 19:19:30 Error: [MissingControllerException] Controller class AssetsController could not be found.
#0 /Users/tomoko-monzen/work/hibidori/app/webroot/index.php(92): Dispatcher->dispatch(Object(CakeRequest), Object(CakeResponse))
#1 {main}
2012-05-16 19:25:10 Error: [MissingControllerException] Controller class AssetsController could not be found.
#0 /Users/tomoko-monzen/work/hibidori/app/webroot/index.php(92): Dispatcher->dispatch(Object(CakeRequest), Object(CakeResponse))
#1 {main}
2012-05-16 19:26:32 Error: [MissingControllerException] Controller class AssetsController could not be found.
#0 /Users/tomoko-monzen/work/hibidori/app/webroot/index.php(92): Dispatcher->dispatch(Object(CakeRequest), Object(CakeResponse))
#1 {main}
2012-05-16 19:29:59 Error: [MissingControllerException] Controller class AssetsController could not be found.
#0 /Users/tomoko-monzen/work/hibidori/app/webroot/index.php(92): Dispatcher->dispatch(Object(CakeRequest), Object(CakeResponse))
#1 {main}
2012-05-16 19:30:56 Error: [MissingControllerException] Controller class AssetsController could not be found.
#0 /Users/tomoko-monzen/work/hibidori/app/webroot/index.php(92): Dispatcher->dispatch(Object(CakeRequest), Object(CakeResponse))
#1 {main}
2012-05-16 19:33:21 Error: [MissingControllerException] Controller class AssetsController could not be found.
#0 /Users/tomoko-monzen/work/hibidori/app/webroot/index.php(92): Dispatcher->dispatch(Object(CakeRequest), Object(CakeResponse))
#1 {main}
2012-05-16 19:34:16 Error: [MissingControllerException] Controller class AssetsController could not be found.
#0 /Users/tomoko-monzen/work/hibidori/app/webroot/index.php(92): Dispatcher->dispatch(Object(CakeRequest), Object(CakeResponse))
#1 {main}
2012-05-16 19:34:26 Error: [MissingControllerException] Controller class AssetsController could not be found.
#0 /Users/tomoko-monzen/work/hibidori/app/webroot/index.php(92): Dispatcher->dispatch(Object(CakeRequest), Object(CakeResponse))
#1 {main}
2012-05-16 19:35:12 Error: [MissingControllerException] Controller class AssetsController could not be found.
#0 /Users/tomoko-monzen/work/hibidori/app/webroot/index.php(92): Dispatcher->dispatch(Object(CakeRequest), Object(CakeResponse))
#1 {main}
2012-05-16 19:39:03 Error: [MissingControllerException] Controller class AssetsController could not be found.
#0 /Users/tomoko-monzen/work/hibidori/app/webroot/index.php(92): Dispatcher->dispatch(Object(CakeRequest), Object(CakeResponse))
#1 {main}
=======
2012-05-16 17:40:04 Error: [MissingControllerException] Controller class AssetsController could not be found.
#0 /Users/satoshi-mayumi/Sites/hibidori/app/webroot/index.php(92): Dispatcher->dispatch(Object(CakeRequest), Object(CakeResponse))
#1 {main}
2012-05-16 17:43:49 Error: [MissingViewException] View file "/Users/satoshi-mayumi/Sites/hibidori/app/View/Welcome/index.ctp" is missing.
#0 /Users/satoshi-mayumi/Sites/hibidori/lib/Cake/View/View.php(460): View->_getViewFileName(NULL)
#1 /Users/satoshi-mayumi/Sites/hibidori/lib/Cake/Controller/Controller.php(959): View->render(NULL, NULL)
#2 /Users/satoshi-mayumi/Sites/hibidori/lib/Cake/Routing/Dispatcher.php(110): Controller->render()
#3 /Users/satoshi-mayumi/Sites/hibidori/lib/Cake/Routing/Dispatcher.php(85): Dispatcher->_invoke(Object(WelcomeController), Object(CakeRequest), Object(CakeResponse))
#4 /Users/satoshi-mayumi/Sites/hibidori/app/webroot/index.php(92): Dispatcher->dispatch(Object(CakeRequest), Object(CakeResponse))
#5 {main}
2012-05-16 17:43:49 Error: [MissingControllerException] Controller class AssetsController could not be found.
#0 /Users/satoshi-mayumi/Sites/hibidori/app/webroot/index.php(92): Dispatcher->dispatch(Object(CakeRequest), Object(CakeResponse))
#1 {main}
2012-05-16 17:44:35 Error: [MissingControllerException] Controller class AssetsController could not be found.
#0 /Users/satoshi-mayumi/Sites/hibidori/app/webroot/index.php(92): Dispatcher->dispatch(Object(CakeRequest), Object(CakeResponse))
#1 {main}
2012-05-16 17:44:51 Error: [MissingControllerException] Controller class AssetsController could not be found.
#0 /Users/satoshi-mayumi/Sites/hibidori/app/webroot/index.php(92): Dispatcher->dispatch(Object(CakeRequest), Object(CakeResponse))
#1 {main}
2012-05-16 18:31:25 Error: [MissingControllerException] Controller class AssetsController could not be found.
#0 /Users/satoshi-mayumi/Sites/hibidori/app/webroot/index.php(92): Dispatcher->dispatch(Object(CakeRequest), Object(CakeResponse))
#1 {main}
2012-05-16 18:32:59 Error: [MissingViewException] View file "/Users/satoshi-mayumi/Sites/hibidori/app/View/Album/index.ctp" is missing.
#0 /Users/satoshi-mayumi/Sites/hibidori/lib/Cake/View/View.php(460): View->_getViewFileName(NULL)
#1 /Users/satoshi-mayumi/Sites/hibidori/lib/Cake/Controller/Controller.php(959): View->render(NULL, NULL)
#2 /Users/satoshi-mayumi/Sites/hibidori/lib/Cake/Routing/Dispatcher.php(110): Controller->render()
#3 /Users/satoshi-mayumi/Sites/hibidori/lib/Cake/Routing/Dispatcher.php(85): Dispatcher->_invoke(Object(AlbumController), Object(CakeRequest), Object(CakeResponse))
#4 /Users/satoshi-mayumi/Sites/hibidori/app/webroot/index.php(92): Dispatcher->dispatch(Object(CakeRequest), Object(CakeResponse))
#5 {main}
2012-05-16 18:32:59 Error: [MissingControllerException] Controller class AssetsController could not be found.
#0 /Users/satoshi-mayumi/Sites/hibidori/app/webroot/index.php(92): Dispatcher->dispatch(Object(CakeRequest), Object(CakeResponse))
#1 {main}
2012-05-16 18:33:14 Error: [MissingControllerException] Controller class AssetsController could not be found.
#0 /Users/satoshi-mayumi/Sites/hibidori/app/webroot/index.php(92): Dispatcher->dispatch(Object(CakeRequest), Object(CakeResponse))
#1 {main}
2012-05-16 18:35:38 Error: [MissingActionException] Action AlbumController::assets() could not be found.
#0 /Users/satoshi-mayumi/Sites/hibidori/lib/Cake/Routing/Dispatcher.php(103): Controller->invokeAction(Object(CakeRequest))
#1 /Users/satoshi-mayumi/Sites/hibidori/lib/Cake/Routing/Dispatcher.php(85): Dispatcher->_invoke(Object(AlbumController), Object(CakeRequest), Object(CakeResponse))
#2 /Users/satoshi-mayumi/Sites/hibidori/app/webroot/index.php(92): Dispatcher->dispatch(Object(CakeRequest), Object(CakeResponse))
#3 {main}
2012-05-16 18:35:43 Error: [MissingControllerException] Controller class AssetsController could not be found.
#0 /Users/satoshi-mayumi/Sites/hibidori/app/webroot/index.php(92): Dispatcher->dispatch(Object(CakeRequest), Object(CakeResponse))
#1 {main}
2012-05-16 18:36:27 Error: [MissingViewException] View file "/Users/satoshi-mayumi/Sites/hibidori/app/View/Album/detail.ctp" is missing.
#0 /Users/satoshi-mayumi/Sites/hibidori/lib/Cake/View/View.php(460): View->_getViewFileName(NULL)
#1 /Users/satoshi-mayumi/Sites/hibidori/lib/Cake/Controller/Controller.php(959): View->render(NULL, NULL)
#2 /Users/satoshi-mayumi/Sites/hibidori/lib/Cake/Routing/Dispatcher.php(110): Controller->render()
#3 /Users/satoshi-mayumi/Sites/hibidori/lib/Cake/Routing/Dispatcher.php(85): Dispatcher->_invoke(Object(AlbumController), Object(CakeRequest), Object(CakeResponse))
#4 /Users/satoshi-mayumi/Sites/hibidori/app/webroot/index.php(92): Dispatcher->dispatch(Object(CakeRequest), Object(CakeResponse))
#5 {main}
2012-05-16 18:36:27 Error: [MissingViewException] View file "/Users/satoshi-mayumi/Sites/hibidori/app/View/Album/detail.ctp" is missing.
#0 /Users/satoshi-mayumi/Sites/hibidori/lib/Cake/View/View.php(460): View->_getViewFileName(NULL)
#1 /Users/satoshi-mayumi/Sites/hibidori/lib/Cake/Controller/Controller.php(959): View->render(NULL, NULL)
#2 /Users/satoshi-mayumi/Sites/hibidori/lib/Cake/Routing/Dispatcher.php(110): Controller->render()
#3 /Users/satoshi-mayumi/Sites/hibidori/lib/Cake/Routing/Dispatcher.php(85): Dispatcher->_invoke(Object(AlbumController), Object(CakeRequest), Object(CakeResponse))
#4 /Users/satoshi-mayumi/Sites/hibidori/app/webroot/index.php(92): Dispatcher->dispatch(Object(CakeRequest), Object(CakeResponse))
#5 {main}
2012-05-16 18:36:30 Error: [MissingControllerException] Controller class AssetsController could not be found.
#0 /Users/satoshi-mayumi/Sites/hibidori/app/webroot/index.php(92): Dispatcher->dispatch(Object(CakeRequest), Object(CakeResponse))
#1 {main}
2012-05-16 18:37:24 Error: [MissingControllerException] Controller class AssetsController could not be found.
#0 /Users/satoshi-mayumi/Sites/hibidori/app/webroot/index.php(92): Dispatcher->dispatch(Object(CakeRequest), Object(CakeResponse))
#1 {main}
2012-05-16 18:39:23 Error: [MissingControllerException] Controller class AssetsController could not be found.
#0 /Users/satoshi-mayumi/Sites/hibidori/app/webroot/index.php(92): Dispatcher->dispatch(Object(CakeRequest), Object(CakeResponse))
#1 {main}
2012-05-16 18:40:26 Error: [MissingControllerException] Controller class AssetsController could not be found.
#0 /Users/satoshi-mayumi/Sites/hibidori/app/webroot/index.php(92): Dispatcher->dispatch(Object(CakeRequest), Object(CakeResponse))
#1 {main}
2012-05-16 18:41:20 Error: [MissingControllerException] Controller class AssetsController could not be found.
#0 /Users/satoshi-mayumi/Sites/hibidori/app/webroot/index.php(92): Dispatcher->dispatch(Object(CakeRequest), Object(CakeResponse))
#1 {main}
2012-05-16 18:41:26 Error: [MissingControllerException] Controller class AssetsController could not be found.
#0 /Users/satoshi-mayumi/Sites/hibidori/app/webroot/index.php(92): Dispatcher->dispatch(Object(CakeRequest), Object(CakeResponse))
#1 {main}
2012-05-16 18:41:39 Error: [MissingControllerException] Controller class AssetsController could not be found.
#0 /Users/satoshi-mayumi/Sites/hibidori/app/webroot/index.php(92): Dispatcher->dispatch(Object(CakeRequest), Object(CakeResponse))
#1 {main}
2012-05-16 18:41:45 Error: [MissingControllerException] Controller class AssetsController could not be found.
#0 /Users/satoshi-mayumi/Sites/hibidori/app/webroot/index.php(92): Dispatcher->dispatch(Object(CakeRequest), Object(CakeResponse))
#1 {main}
2012-05-16 18:42:13 Error: [MissingViewException] View file "/Users/satoshi-mayumi/Sites/hibidori/app/View/Login/index.ctp" is missing.
#0 /Users/satoshi-mayumi/Sites/hibidori/lib/Cake/View/View.php(460): View->_getViewFileName(NULL)
#1 /Users/satoshi-mayumi/Sites/hibidori/lib/Cake/Controller/Controller.php(959): View->render(NULL, NULL)
#2 /Users/satoshi-mayumi/Sites/hibidori/lib/Cake/Routing/Dispatcher.php(110): Controller->render()
#3 /Users/satoshi-mayumi/Sites/hibidori/lib/Cake/Routing/Dispatcher.php(85): Dispatcher->_invoke(Object(LoginController), Object(CakeRequest), Object(CakeResponse))
#4 /Users/satoshi-mayumi/Sites/hibidori/app/webroot/index.php(92): Dispatcher->dispatch(Object(CakeRequest), Object(CakeResponse))
#5 {main}
2012-05-16 18:42:13 Error: [MissingControllerException] Controller class AssetsController could not be found.
#0 /Users/satoshi-mayumi/Sites/hibidori/app/webroot/index.php(92): Dispatcher->dispatch(Object(CakeRequest), Object(CakeResponse))
#1 {main}
2012-05-16 18:42:33 Error: [MissingControllerException] Controller class AssetsController could not be found.
#0 /Users/satoshi-mayumi/Sites/hibidori/app/webroot/index.php(92): Dispatcher->dispatch(Object(CakeRequest), Object(CakeResponse))
#1 {main}
2012-05-16 18:42:37 Error: [MissingControllerException] Controller class AssetsController could not be found.
#0 /Users/satoshi-mayumi/Sites/hibidori/app/webroot/index.php(92): Dispatcher->dispatch(Object(CakeRequest), Object(CakeResponse))
#1 {main}
2012-05-16 18:42:54 Error: [MissingControllerException] Controller class AssetsController could not be found.
#0 /Users/satoshi-mayumi/Sites/hibidori/app/webroot/index.php(92): Dispatcher->dispatch(Object(CakeRequest), Object(CakeResponse))
#1 {main}
2012-05-16 18:42:56 Error: [MissingControllerException] Controller class AssetsController could not be found.
#0 /Users/satoshi-mayumi/Sites/hibidori/app/webroot/index.php(92): Dispatcher->dispatch(Object(CakeRequest), Object(CakeResponse))
#1 {main}
2012-05-16 18:43:05 Error: [MissingActionException] Action ProjectController::assets() could not be found.
#0 /Users/satoshi-mayumi/Sites/hibidori/lib/Cake/Routing/Dispatcher.php(103): Controller->invokeAction(Object(CakeRequest))
#1 /Users/satoshi-mayumi/Sites/hibidori/lib/Cake/Routing/Dispatcher.php(85): Dispatcher->_invoke(Object(ProjectController), Object(CakeRequest), Object(CakeResponse))
#2 /Users/satoshi-mayumi/Sites/hibidori/app/webroot/index.php(92): Dispatcher->dispatch(Object(CakeRequest), Object(CakeResponse))
#3 {main}
2012-05-16 18:44:23 Error: [MissingControllerException] Controller class AssetsController could not be found.
#0 /Users/satoshi-mayumi/Sites/hibidori/app/webroot/index.php(92): Dispatcher->dispatch(Object(CakeRequest), Object(CakeResponse))
#1 {main}
2012-05-16 18:46:27 Error: [MissingActionException] Action ProjectController::assets() could not be found.
#0 /Users/satoshi-mayumi/Sites/hibidori/lib/Cake/Routing/Dispatcher.php(103): Controller->invokeAction(Object(CakeRequest))
#1 /Users/satoshi-mayumi/Sites/hibidori/lib/Cake/Routing/Dispatcher.php(85): Dispatcher->_invoke(Object(ProjectController), Object(CakeRequest), Object(CakeResponse))
#2 /Users/satoshi-mayumi/Sites/hibidori/app/webroot/index.php(92): Dispatcher->dispatch(Object(CakeRequest), Object(CakeResponse))
#3 {main}
2012-05-16 18:46:41 Error: [MissingControllerException] Controller class AssetsController could not be found.
#0 /Users/satoshi-mayumi/Sites/hibidori/app/webroot/index.php(92): Dispatcher->dispatch(Object(CakeRequest), Object(CakeResponse))
#1 {main}
2012-05-16 18:46:58 Error: [MissingControllerException] Controller class AssetsController could not be found.
#0 /Users/satoshi-mayumi/Sites/hibidori/app/webroot/index.php(92): Dispatcher->dispatch(Object(CakeRequest), Object(CakeResponse))
#1 {main}
2012-05-16 18:47:18 Error: [MissingControllerException] Controller class AssetsController could not be found.
#0 /Users/satoshi-mayumi/Sites/hibidori/app/webroot/index.php(92): Dispatcher->dispatch(Object(CakeRequest), Object(CakeResponse))
#1 {main}
2012-05-16 18:50:06 Error: [MissingControllerException] Controller class AssetsController could not be found.
#0 /Users/satoshi-mayumi/Sites/hibidori/app/webroot/index.php(92): Dispatcher->dispatch(Object(CakeRequest), Object(CakeResponse))
#1 {main}
2012-05-16 18:50:27 Error: [MissingControllerException] Controller class AssetsController could not be found.
#0 /Users/satoshi-mayumi/Sites/hibidori/app/webroot/index.php(92): Dispatcher->dispatch(Object(CakeRequest), Object(CakeResponse))
#1 {main}
2012-05-16 18:50:28 Error: [MissingControllerException] Controller class ImgController could not be found.
#0 /Users/satoshi-mayumi/Sites/hibidori/app/webroot/index.php(92): Dispatcher->dispatch(Object(CakeRequest), Object(CakeResponse))
#1 {main}
2012-05-16 18:51:30 Error: [MissingControllerException] Controller class AssetsController could not be found.
#0 /Users/satoshi-mayumi/Sites/hibidori/app/webroot/index.php(92): Dispatcher->dispatch(Object(CakeRequest), Object(CakeResponse))
#1 {main}
2012-05-16 18:51:30 Error: [MissingControllerException] Controller class ImgController could not be found.
#0 /Users/satoshi-mayumi/Sites/hibidori/app/webroot/index.php(92): Dispatcher->dispatch(Object(CakeRequest), Object(CakeResponse))
#1 {main}
2012-05-16 18:51:59 Error: [MissingControllerException] Controller class AssetsController could not be found.
#0 /Users/satoshi-mayumi/Sites/hibidori/app/webroot/index.php(92): Dispatcher->dispatch(Object(CakeRequest), Object(CakeResponse))
#1 {main}
2012-05-16 18:52:00 Error: [MissingControllerException] Controller class ImgController could not be found.
#0 /Users/satoshi-mayumi/Sites/hibidori/app/webroot/index.php(92): Dispatcher->dispatch(Object(CakeRequest), Object(CakeResponse))
#1 {main}
2012-05-16 18:52:00 Error: [MissingControllerException] Controller class ImgController could not be found.
#0 /Users/satoshi-mayumi/Sites/hibidori/app/webroot/index.php(92): Dispatcher->dispatch(Object(CakeRequest), Object(CakeResponse))
#1 {main}
2012-05-16 18:52:00 Error: [MissingControllerException] Controller class ImgController could not be found.
#0 /Users/satoshi-mayumi/Sites/hibidori/app/webroot/index.php(92): Dispatcher->dispatch(Object(CakeRequest), Object(CakeResponse))
#1 {main}
2012-05-16 18:52:00 Error: [MissingControllerException] Controller class ImgController could not be found.
#0 /Users/satoshi-mayumi/Sites/hibidori/app/webroot/index.php(92): Dispatcher->dispatch(Object(CakeRequest), Object(CakeResponse))
#1 {main}
2012-05-16 18:52:00 Error: [MissingControllerException] Controller class ImgController could not be found.
#0 /Users/satoshi-mayumi/Sites/hibidori/app/webroot/index.php(92): Dispatcher->dispatch(Object(CakeRequest), Object(CakeResponse))
#1 {main}
2012-05-16 18:52:00 Error: [MissingControllerException] Controller class ImgController could not be found.
#0 /Users/satoshi-mayumi/Sites/hibidori/app/webroot/index.php(92): Dispatcher->dispatch(Object(CakeRequest), Object(CakeResponse))
#1 {main}
2012-05-16 18:52:00 Error: [MissingControllerException] Controller class ImgController could not be found.
#0 /Users/satoshi-mayumi/Sites/hibidori/app/webroot/index.php(92): Dispatcher->dispatch(Object(CakeRequest), Object(CakeResponse))
#1 {main}
2012-05-16 18:52:00 Error: [MissingControllerException] Controller class ImgController could not be found.
#0 /Users/satoshi-mayumi/Sites/hibidori/app/webroot/index.php(92): Dispatcher->dispatch(Object(CakeRequest), Object(CakeResponse))
#1 {main}
2012-05-16 18:52:00 Error: [MissingControllerException] Controller class ImgController could not be found.
#0 /Users/satoshi-mayumi/Sites/hibidori/app/webroot/index.php(92): Dispatcher->dispatch(Object(CakeRequest), Object(CakeResponse))
#1 {main}
2012-05-16 18:52:00 Error: [MissingControllerException] Controller class ImgController could not be found.
#0 /Users/satoshi-mayumi/Sites/hibidori/app/webroot/index.php(92): Dispatcher->dispatch(Object(CakeRequest), Object(CakeResponse))
#1 {main}
2012-05-16 18:52:00 Error: [MissingControllerException] Controller class ImgController could not be found.
#0 /Users/satoshi-mayumi/Sites/hibidori/app/webroot/index.php(92): Dispatcher->dispatch(Object(CakeRequest), Object(CakeResponse))
#1 {main}
2012-05-16 18:52:00 Error: [MissingControllerException] Controller class ImgController could not be found.
#0 /Users/satoshi-mayumi/Sites/hibidori/app/webroot/index.php(92): Dispatcher->dispatch(Object(CakeRequest), Object(CakeResponse))
#1 {main}
2012-05-16 18:52:00 Error: [MissingControllerException] Controller class ImgController could not be found.
#0 /Users/satoshi-mayumi/Sites/hibidori/app/webroot/index.php(92): Dispatcher->dispatch(Object(CakeRequest), Object(CakeResponse))
#1 {main}
2012-05-16 18:52:00 Error: [MissingControllerException] Controller class ImgController could not be found.
#0 /Users/satoshi-mayumi/Sites/hibidori/app/webroot/index.php(92): Dispatcher->dispatch(Object(CakeRequest), Object(CakeResponse))
#1 {main}
2012-05-16 18:52:00 Error: [MissingControllerException] Controller class ImgController could not be found.
#0 /Users/satoshi-mayumi/Sites/hibidori/app/webroot/index.php(92): Dispatcher->dispatch(Object(CakeRequest), Object(CakeResponse))
#1 {main}
2012-05-16 18:52:00 Error: [MissingControllerException] Controller class ImgController could not be found.
#0 /Users/satoshi-mayumi/Sites/hibidori/app/webroot/index.php(92): Dispatcher->dispatch(Object(CakeRequest), Object(CakeResponse))
#1 {main}
2012-05-16 18:52:00 Error: [MissingControllerException] Controller class ImgController could not be found.
#0 /Users/satoshi-mayumi/Sites/hibidori/app/webroot/index.php(92): Dispatcher->dispatch(Object(CakeRequest), Object(CakeResponse))
#1 {main}
2012-05-16 18:52:00 Error: [MissingControllerException] Controller class ImgController could not be found.
#0 /Users/satoshi-mayumi/Sites/hibidori/app/webroot/index.php(92): Dispatcher->dispatch(Object(CakeRequest), Object(CakeResponse))
#1 {main}
2012-05-16 18:52:00 Error: [MissingControllerException] Controller class ImgController could not be found.
#0 /Users/satoshi-mayumi/Sites/hibidori/app/webroot/index.php(92): Dispatcher->dispatch(Object(CakeRequest), Object(CakeResponse))
#1 {main}
2012-05-16 18:52:00 Error: [MissingControllerException] Controller class ImgController could not be found.
#0 /Users/satoshi-mayumi/Sites/hibidori/app/webroot/index.php(92): Dispatcher->dispatch(Object(CakeRequest), Object(CakeResponse))
#1 {main}
2012-05-16 18:52:00 Error: [MissingControllerException] Controller class ImgController could not be found.
#0 /Users/satoshi-mayumi/Sites/hibidori/app/webroot/index.php(92): Dispatcher->dispatch(Object(CakeRequest), Object(CakeResponse))
#1 {main}
2012-05-16 18:52:00 Error: [MissingControllerException] Controller class ImgController could not be found.
#0 /Users/satoshi-mayumi/Sites/hibidori/app/webroot/index.php(92): Dispatcher->dispatch(Object(CakeRequest), Object(CakeResponse))
#1 {main}
2012-05-16 18:52:00 Error: [MissingControllerException] Controller class ImgController could not be found.
#0 /Users/satoshi-mayumi/Sites/hibidori/app/webroot/index.php(92): Dispatcher->dispatch(Object(CakeRequest), Object(CakeResponse))
#1 {main}
2012-05-16 18:52:00 Error: [MissingControllerException] Controller class ImgController could not be found.
#0 /Users/satoshi-mayumi/Sites/hibidori/app/webroot/index.php(92): Dispatcher->dispatch(Object(CakeRequest), Object(CakeResponse))
#1 {main}
2012-05-16 18:52:01 Error: [MissingControllerException] Controller class ImgController could not be found.
#0 /Users/satoshi-mayumi/Sites/hibidori/app/webroot/index.php(92): Dispatcher->dispatch(Object(CakeRequest), Object(CakeResponse))
#1 {main}
2012-05-16 18:52:01 Error: [MissingControllerException] Controller class ImgController could not be found.
#0 /Users/satoshi-mayumi/Sites/hibidori/app/webroot/index.php(92): Dispatcher->dispatch(Object(CakeRequest), Object(CakeResponse))
#1 {main}
2012-05-16 18:52:01 Error: [MissingControllerException] Controller class ImgController could not be found.
#0 /Users/satoshi-mayumi/Sites/hibidori/app/webroot/index.php(92): Dispatcher->dispatch(Object(CakeRequest), Object(CakeResponse))
#1 {main}
2012-05-16 18:52:01 Error: [MissingControllerException] Controller class ImgController could not be found.
#0 /Users/satoshi-mayumi/Sites/hibidori/app/webroot/index.php(92): Dispatcher->dispatch(Object(CakeRequest), Object(CakeResponse))
#1 {main}
2012-05-16 18:52:01 Error: [MissingControllerException] Controller class ImgController could not be found.
#0 /Users/satoshi-mayumi/Sites/hibidori/app/webroot/index.php(92): Dispatcher->dispatch(Object(CakeRequest), Object(CakeResponse))
#1 {main}
2012-05-16 18:52:01 Error: [MissingControllerException] Controller class ImgController could not be found.
#0 /Users/satoshi-mayumi/Sites/hibidori/app/webroot/index.php(92): Dispatcher->dispatch(Object(CakeRequest), Object(CakeResponse))
#1 {main}
2012-05-16 18:52:01 Error: [MissingControllerException] Controller class ImgController could not be found.
#0 /Users/satoshi-mayumi/Sites/hibidori/app/webroot/index.php(92): Dispatcher->dispatch(Object(CakeRequest), Object(CakeResponse))
#1 {main}
2012-05-16 18:52:01 Error: [MissingControllerException] Controller class ImgController could not be found.
#0 /Users/satoshi-mayumi/Sites/hibidori/app/webroot/index.php(92): Dispatcher->dispatch(Object(CakeRequest), Object(CakeResponse))
#1 {main}
2012-05-16 18:52:01 Error: [MissingControllerException] Controller class ImgController could not be found.
#0 /Users/satoshi-mayumi/Sites/hibidori/app/webroot/index.php(92): Dispatcher->dispatch(Object(CakeRequest), Object(CakeResponse))
#1 {main}
2012-05-16 18:52:01 Error: [MissingControllerException] Controller class ImgController could not be found.
#0 /Users/satoshi-mayumi/Sites/hibidori/app/webroot/index.php(92): Dispatcher->dispatch(Object(CakeRequest), Object(CakeResponse))
#1 {main}
2012-05-16 18:52:01 Error: [MissingControllerException] Controller class ImgController could not be found.
#0 /Users/satoshi-mayumi/Sites/hibidori/app/webroot/index.php(92): Dispatcher->dispatch(Object(CakeRequest), Object(CakeResponse))
#1 {main}
2012-05-16 18:52:01 Error: [MissingControllerException] Controller class ImgController could not be found.
#0 /Users/satoshi-mayumi/Sites/hibidori/app/webroot/index.php(92): Dispatcher->dispatch(Object(CakeRequest), Object(CakeResponse))
#1 {main}
2012-05-16 18:52:01 Error: [MissingControllerException] Controller class ImgController could not be found.
#0 /Users/satoshi-mayumi/Sites/hibidori/app/webroot/index.php(92): Dispatcher->dispatch(Object(CakeRequest), Object(CakeResponse))
#1 {main}
2012-05-16 18:52:01 Error: [MissingControllerException] Controller class ImgController could not be found.
#0 /Users/satoshi-mayumi/Sites/hibidori/app/webroot/index.php(92): Dispatcher->dispatch(Object(CakeRequest), Object(CakeResponse))
#1 {main}
2012-05-16 18:52:01 Error: [MissingControllerException] Controller class ImgController could not be found.
#0 /Users/satoshi-mayumi/Sites/hibidori/app/webroot/index.php(92): Dispatcher->dispatch(Object(CakeRequest), Object(CakeResponse))
#1 {main}
2012-05-16 18:52:01 Error: [MissingControllerException] Controller class ImgController could not be found.
#0 /Users/satoshi-mayumi/Sites/hibidori/app/webroot/index.php(92): Dispatcher->dispatch(Object(CakeRequest), Object(CakeResponse))
#1 {main}
2012-05-16 18:52:01 Error: [MissingControllerException] Controller class ImgController could not be found.
#0 /Users/satoshi-mayumi/Sites/hibidori/app/webroot/index.php(92): Dispatcher->dispatch(Object(CakeRequest), Object(CakeResponse))
#1 {main}
2012-05-16 18:52:01 Error: [MissingControllerException] Controller class ImgController could not be found.
#0 /Users/satoshi-mayumi/Sites/hibidori/app/webroot/index.php(92): Dispatcher->dispatch(Object(CakeRequest), Object(CakeResponse))
#1 {main}
2012-05-16 18:52:01 Error: [MissingControllerException] Controller class ImgController could not be found.
#0 /Users/satoshi-mayumi/Sites/hibidori/app/webroot/index.php(92): Dispatcher->dispatch(Object(CakeRequest), Object(CakeResponse))
#1 {main}
2012-05-16 18:52:01 Error: [MissingControllerException] Controller class ImgController could not be found.
#0 /Users/satoshi-mayumi/Sites/hibidori/app/webroot/index.php(92): Dispatcher->dispatch(Object(CakeRequest), Object(CakeResponse))
#1 {main}
2012-05-16 18:52:01 Error: [MissingControllerException] Controller class ImgController could not be found.
#0 /Users/satoshi-mayumi/Sites/hibidori/app/webroot/index.php(92): Dispatcher->dispatch(Object(CakeRequest), Object(CakeResponse))
#1 {main}
2012-05-16 18:52:01 Error: [MissingControllerException] Controller class ImgController could not be found.
#0 /Users/satoshi-mayumi/Sites/hibidori/app/webroot/index.php(92): Dispatcher->dispatch(Object(CakeRequest), Object(CakeResponse))
#1 {main}
2012-05-16 18:52:01 Error: [MissingControllerException] Controller class ImgController could not be found.
#0 /Users/satoshi-mayumi/Sites/hibidori/app/webroot/index.php(92): Dispatcher->dispatch(Object(CakeRequest), Object(CakeResponse))
#1 {main}
2012-05-16 18:52:01 Error: [MissingControllerException] Controller class ImgController could not be found.
#0 /Users/satoshi-mayumi/Sites/hibidori/app/webroot/index.php(92): Dispatcher->dispatch(Object(CakeRequest), Object(CakeResponse))
#1 {main}
2012-05-16 18:52:01 Error: [MissingControllerException] Controller class ImgController could not be found.
#0 /Users/satoshi-mayumi/Sites/hibidori/app/webroot/index.php(92): Dispatcher->dispatch(Object(CakeRequest), Object(CakeResponse))
#1 {main}
2012-05-16 18:52:01 Error: [MissingControllerException] Controller class ImgController could not be found.
#0 /Users/satoshi-mayumi/Sites/hibidori/app/webroot/index.php(92): Dispatcher->dispatch(Object(CakeRequest), Object(CakeResponse))
#1 {main}
2012-05-16 18:52:01 Error: [MissingControllerException] Controller class ImgController could not be found.
#0 /Users/satoshi-mayumi/Sites/hibidori/app/webroot/index.php(92): Dispatcher->dispatch(Object(CakeRequest), Object(CakeResponse))
#1 {main}
2012-05-16 18:52:01 Error: [MissingControllerException] Controller class ImgController could not be found.
#0 /Users/satoshi-mayumi/Sites/hibidori/app/webroot/index.php(92): Dispatcher->dispatch(Object(CakeRequest), Object(CakeResponse))
#1 {main}
2012-05-16 18:52:01 Error: [MissingControllerException] Controller class ImgController could not be found.
#0 /Users/satoshi-mayumi/Sites/hibidori/app/webroot/index.php(92): Dispatcher->dispatch(Object(CakeRequest), Object(CakeResponse))
#1 {main}
2012-05-16 18:52:01 Error: [MissingControllerException] Controller class ImgController could not be found.
#0 /Users/satoshi-mayumi/Sites/hibidori/app/webroot/index.php(92): Dispatcher->dispatch(Object(CakeRequest), Object(CakeResponse))
#1 {main}
2012-05-16 18:52:01 Error: [MissingControllerException] Controller class ImgController could not be found.
#0 /Users/satoshi-mayumi/Sites/hibidori/app/webroot/index.php(92): Dispatcher->dispatch(Object(CakeRequest), Object(CakeResponse))
#1 {main}
2012-05-16 18:52:01 Error: [MissingControllerException] Controller class ImgController could not be found.
#0 /Users/satoshi-mayumi/Sites/hibidori/app/webroot/index.php(92): Dispatcher->dispatch(Object(CakeRequest), Object(CakeResponse))
#1 {main}
2012-05-16 18:52:01 Error: [MissingControllerException] Controller class ImgController could not be found.
#0 /Users/satoshi-mayumi/Sites/hibidori/app/webroot/index.php(92): Dispatcher->dispatch(Object(CakeRequest), Object(CakeResponse))
#1 {main}
2012-05-16 18:52:01 Error: [MissingControllerException] Controller class ImgController could not be found.
#0 /Users/satoshi-mayumi/Sites/hibidori/app/webroot/index.php(92): Dispatcher->dispatch(Object(CakeRequest), Object(CakeResponse))
#1 {main}
2012-05-16 18:52:01 Error: [MissingControllerException] Controller class ImgController could not be found.
#0 /Users/satoshi-mayumi/Sites/hibidori/app/webroot/index.php(92): Dispatcher->dispatch(Object(CakeRequest), Object(CakeResponse))
#1 {main}
2012-05-16 18:52:01 Error: [MissingControllerException] Controller class ImgController could not be found.
#0 /Users/satoshi-mayumi/Sites/hibidori/app/webroot/index.php(92): Dispatcher->dispatch(Object(CakeRequest), Object(CakeResponse))
#1 {main}
2012-05-16 18:52:01 Error: [MissingControllerException] Controller class ImgController could not be found.
#0 /Users/satoshi-mayumi/Sites/hibidori/app/webroot/index.php(92): Dispatcher->dispatch(Object(CakeRequest), Object(CakeResponse))
#1 {main}
2012-05-16 18:52:02 Error: [MissingControllerException] Controller class ImgController could not be found.
#0 /Users/satoshi-mayumi/Sites/hibidori/app/webroot/index.php(92): Dispatcher->dispatch(Object(CakeRequest), Object(CakeResponse))
#1 {main}
2012-05-16 18:52:02 Error: [MissingControllerException] Controller class ImgController could not be found.
#0 /Users/satoshi-mayumi/Sites/hibidori/app/webroot/index.php(92): Dispatcher->dispatch(Object(CakeRequest), Object(CakeResponse))
#1 {main}
2012-05-16 18:52:02 Error: [MissingControllerException] Controller class ImgController could not be found.
#0 /Users/satoshi-mayumi/Sites/hibidori/app/webroot/index.php(92): Dispatcher->dispatch(Object(CakeRequest), Object(CakeResponse))
#1 {main}
2012-05-16 18:52:02 Error: [MissingControllerException] Controller class ImgController could not be found.
#0 /Users/satoshi-mayumi/Sites/hibidori/app/webroot/index.php(92): Dispatcher->dispatch(Object(CakeRequest), Object(CakeResponse))
#1 {main}
2012-05-16 18:52:02 Error: [MissingControllerException] Controller class ImgController could not be found.
#0 /Users/satoshi-mayumi/Sites/hibidori/app/webroot/index.php(92): Dispatcher->dispatch(Object(CakeRequest), Object(CakeResponse))
#1 {main}
2012-05-16 18:52:02 Error: [MissingControllerException] Controller class ImgController could not be found.
#0 /Users/satoshi-mayumi/Sites/hibidori/app/webroot/index.php(92): Dispatcher->dispatch(Object(CakeRequest), Object(CakeResponse))
#1 {main}
2012-05-16 18:52:02 Error: [MissingControllerException] Controller class ImgController could not be found.
#0 /Users/satoshi-mayumi/Sites/hibidori/app/webroot/index.php(92): Dispatcher->dispatch(Object(CakeRequest), Object(CakeResponse))
#1 {main}
2012-05-16 18:52:02 Error: [MissingControllerException] Controller class ImgController could not be found.
#0 /Users/satoshi-mayumi/Sites/hibidori/app/webroot/index.php(92): Dispatcher->dispatch(Object(CakeRequest), Object(CakeResponse))
#1 {main}
2012-05-16 18:52:02 Error: [MissingControllerException] Controller class ImgController could not be found.
#0 /Users/satoshi-mayumi/Sites/hibidori/app/webroot/index.php(92): Dispatcher->dispatch(Object(CakeRequest), Object(CakeResponse))
#1 {main}
2012-05-16 18:52:02 Error: [MissingControllerException] Controller class ImgController could not be found.
#0 /Users/satoshi-mayumi/Sites/hibidori/app/webroot/index.php(92): Dispatcher->dispatch(Object(CakeRequest), Object(CakeResponse))
#1 {main}
2012-05-16 18:52:02 Error: [MissingControllerException] Controller class ImgController could not be found.
#0 /Users/satoshi-mayumi/Sites/hibidori/app/webroot/index.php(92): Dispatcher->dispatch(Object(CakeRequest), Object(CakeResponse))
#1 {main}
2012-05-16 18:52:02 Error: [MissingControllerException] Controller class ImgController could not be found.
#0 /Users/satoshi-mayumi/Sites/hibidori/app/webroot/index.php(92): Dispatcher->dispatch(Object(CakeRequest), Object(CakeResponse))
#1 {main}
2012-05-16 18:52:02 Error: [MissingControllerException] Controller class ImgController could not be found.
#0 /Users/satoshi-mayumi/Sites/hibidori/app/webroot/index.php(92): Dispatcher->dispatch(Object(CakeRequest), Object(CakeResponse))
#1 {main}
2012-05-16 18:52:02 Error: [MissingControllerException] Controller class ImgController could not be found.
#0 /Users/satoshi-mayumi/Sites/hibidori/app/webroot/index.php(92): Dispatcher->dispatch(Object(CakeRequest), Object(CakeResponse))
#1 {main}
2012-05-16 18:52:02 Error: [MissingControllerException] Controller class ImgController could not be found.
#0 /Users/satoshi-mayumi/Sites/hibidori/app/webroot/index.php(92): Dispatcher->dispatch(Object(CakeRequest), Object(CakeResponse))
#1 {main}
2012-05-16 18:52:02 Error: [MissingControllerException] Controller class ImgController could not be found.
#0 /Users/satoshi-mayumi/Sites/hibidori/app/webroot/index.php(92): Dispatcher->dispatch(Object(CakeRequest), Object(CakeResponse))
#1 {main}
2012-05-16 18:52:02 Error: [MissingControllerException] Controller class ImgController could not be found.
#0 /Users/satoshi-mayumi/Sites/hibidori/app/webroot/index.php(92): Dispatcher->dispatch(Object(CakeRequest), Object(CakeResponse))
#1 {main}
2012-05-16 18:52:02 Error: [MissingControllerException] Controller class ImgController could not be found.
#0 /Users/satoshi-mayumi/Sites/hibidori/app/webroot/index.php(92): Dispatcher->dispatch(Object(CakeRequest), Object(CakeResponse))
#1 {main}
2012-05-16 18:52:02 Error: [MissingControllerException] Controller class ImgController could not be found.
#0 /Users/satoshi-mayumi/Sites/hibidori/app/webroot/index.php(92): Dispatcher->dispatch(Object(CakeRequest), Object(CakeResponse))
#1 {main}
2012-05-16 18:52:02 Error: [MissingControllerException] Controller class ImgController could not be found.
#0 /Users/satoshi-mayumi/Sites/hibidori/app/webroot/index.php(92): Dispatcher->dispatch(Object(CakeRequest), Object(CakeResponse))
#1 {main}
2012-05-16 18:52:02 Error: [MissingControllerException] Controller class ImgController could not be found.
#0 /Users/satoshi-mayumi/Sites/hibidori/app/webroot/index.php(92): Dispatcher->dispatch(Object(CakeRequest), Object(CakeResponse))
#1 {main}
2012-05-16 18:52:02 Error: [MissingControllerException] Controller class ImgController could not be found.
#0 /Users/satoshi-mayumi/Sites/hibidori/app/webroot/index.php(92): Dispatcher->dispatch(Object(CakeRequest), Object(CakeResponse))
#1 {main}
2012-05-16 18:52:02 Error: [MissingControllerException] Controller class ImgController could not be found.
#0 /Users/satoshi-mayumi/Sites/hibidori/app/webroot/index.php(92): Dispatcher->dispatch(Object(CakeRequest), Object(CakeResponse))
#1 {main}
2012-05-16 18:52:02 Error: [MissingControllerException] Controller class ImgController could not be found.
#0 /Users/satoshi-mayumi/Sites/hibidori/app/webroot/index.php(92): Dispatcher->dispatch(Object(CakeRequest), Object(CakeResponse))
#1 {main}
2012-05-16 18:52:02 Error: [MissingControllerException] Controller class ImgController could not be found.
#0 /Users/satoshi-mayumi/Sites/hibidori/app/webroot/index.php(92): Dispatcher->dispatch(Object(CakeRequest), Object(CakeResponse))
#1 {main}
2012-05-16 18:52:02 Error: [MissingControllerException] Controller class ImgController could not be found.
#0 /Users/satoshi-mayumi/Sites/hibidori/app/webroot/index.php(92): Dispatcher->dispatch(Object(CakeRequest), Object(CakeResponse))
#1 {main}
2012-05-16 18:52:02 Error: [MissingControllerException] Controller class ImgController could not be found.
#0 /Users/satoshi-mayumi/Sites/hibidori/app/webroot/index.php(92): Dispatcher->dispatch(Object(CakeRequest), Object(CakeResponse))
#1 {main}
2012-05-16 18:52:32 Error: [MissingControllerException] Controller class AssetsController could not be found.
#0 /Users/satoshi-mayumi/Sites/hibidori/app/webroot/index.php(92): Dispatcher->dispatch(Object(CakeRequest), Object(CakeResponse))
#1 {main}
2012-05-16 18:53:02 Error: [MissingControllerException] Controller class AssetsController could not be found.
#0 /Users/satoshi-mayumi/Sites/hibidori/app/webroot/index.php(92): Dispatcher->dispatch(Object(CakeRequest), Object(CakeResponse))
#1 {main}
2012-05-16 18:54:57 Error: [MissingControllerException] Controller class AssetsController could not be found.
#0 /Users/satoshi-mayumi/Sites/hibidori/app/webroot/index.php(92): Dispatcher->dispatch(Object(CakeRequest), Object(CakeResponse))
#1 {main}
2012-05-16 18:54:59 Error: [MissingActionException] Action AlbumController::assets() could not be found.
#0 /Users/satoshi-mayumi/Sites/hibidori/lib/Cake/Routing/Dispatcher.php(103): Controller->invokeAction(Object(CakeRequest))
#1 /Users/satoshi-mayumi/Sites/hibidori/lib/Cake/Routing/Dispatcher.php(85): Dispatcher->_invoke(Object(AlbumController), Object(CakeRequest), Object(CakeResponse))
#2 /Users/satoshi-mayumi/Sites/hibidori/app/webroot/index.php(92): Dispatcher->dispatch(Object(CakeRequest), Object(CakeResponse))
#3 {main}
2012-05-16 18:57:22 Error: [MissingActionException] Action AlbumController::assets() could not be found.
#0 /Users/satoshi-mayumi/Sites/hibidori/lib/Cake/Routing/Dispatcher.php(103): Controller->invokeAction(Object(CakeRequest))
#1 /Users/satoshi-mayumi/Sites/hibidori/lib/Cake/Routing/Dispatcher.php(85): Dispatcher->_invoke(Object(AlbumController), Object(CakeRequest), Object(CakeResponse))
#2 /Users/satoshi-mayumi/Sites/hibidori/app/webroot/index.php(92): Dispatcher->dispatch(Object(CakeRequest), Object(CakeResponse))
#3 {main}
2012-05-16 18:57:27 Error: [MissingControllerException] Controller class CameraController could not be found.
#0 /Users/satoshi-mayumi/Sites/hibidori/app/webroot/index.php(92): Dispatcher->dispatch(Object(CakeRequest), Object(CakeResponse))
#1 {main}
2012-05-16 18:57:27 Error: [MissingControllerException] Controller class CameraController could not be found.
#0 /Users/satoshi-mayumi/Sites/hibidori/app/webroot/index.php(92): Dispatcher->dispatch(Object(CakeRequest), Object(CakeResponse))
#1 {main}
2012-05-16 18:59:17 Error: [MissingViewException] View file "/Users/satoshi-mayumi/Sites/hibidori/app/View/Camera/shoot.ctp" is missing.
#0 /Users/satoshi-mayumi/Sites/hibidori/lib/Cake/View/View.php(460): View->_getViewFileName(NULL)
#1 /Users/satoshi-mayumi/Sites/hibidori/lib/Cake/Controller/Controller.php(959): View->render(NULL, NULL)
#2 /Users/satoshi-mayumi/Sites/hibidori/lib/Cake/Routing/Dispatcher.php(110): Controller->render()
#3 /Users/satoshi-mayumi/Sites/hibidori/lib/Cake/Routing/Dispatcher.php(85): Dispatcher->_invoke(Object(CameraController), Object(CakeRequest), Object(CakeResponse))
#4 /Users/satoshi-mayumi/Sites/hibidori/app/webroot/index.php(92): Dispatcher->dispatch(Object(CakeRequest), Object(CakeResponse))
#5 {main}
2012-05-16 18:59:17 Error: [MissingViewException] View file "/Users/satoshi-mayumi/Sites/hibidori/app/View/Camera/shoot.ctp" is missing.
#0 /Users/satoshi-mayumi/Sites/hibidori/lib/Cake/View/View.php(460): View->_getViewFileName(NULL)
#1 /Users/satoshi-mayumi/Sites/hibidori/lib/Cake/Controller/Controller.php(959): View->render(NULL, NULL)
#2 /Users/satoshi-mayumi/Sites/hibidori/lib/Cake/Routing/Dispatcher.php(110): Controller->render()
#3 /Users/satoshi-mayumi/Sites/hibidori/lib/Cake/Routing/Dispatcher.php(85): Dispatcher->_invoke(Object(CameraController), Object(CakeRequest), Object(CakeResponse))
#4 /Users/satoshi-mayumi/Sites/hibidori/app/webroot/index.php(92): Dispatcher->dispatch(Object(CakeRequest), Object(CakeResponse))
#5 {main}
2012-05-16 19:00:16 Error: [MissingControllerException] Controller class AssetsController could not be found.
#0 /Users/satoshi-mayumi/Sites/hibidori/app/webroot/index.php(92): Dispatcher->dispatch(Object(CakeRequest), Object(CakeResponse))
#1 {main}
2012-05-16 19:06:57 Error: [MissingActionException] Action AlbumController::assets() could not be found.
#0 /Users/satoshi-mayumi/Sites/hibidori/lib/Cake/Routing/Dispatcher.php(103): Controller->invokeAction(Object(CakeRequest))
#1 /Users/satoshi-mayumi/Sites/hibidori/lib/Cake/Routing/Dispatcher.php(85): Dispatcher->_invoke(Object(AlbumController), Object(CakeRequest), Object(CakeResponse))
#2 /Users/satoshi-mayumi/Sites/hibidori/app/webroot/index.php(92): Dispatcher->dispatch(Object(CakeRequest), Object(CakeResponse))
#3 {main}
2012-05-16 19:06:58 Error: [MissingControllerException] Controller class AssetsController could not be found.
#0 /Users/satoshi-mayumi/Sites/hibidori/app/webroot/index.php(92): Dispatcher->dispatch(Object(CakeRequest), Object(CakeResponse))
#1 {main}
2012-05-16 19:11:11 Error: [MissingControllerException] Controller class AssetsController could not be found.
#0 /Users/satoshi-mayumi/Sites/hibidori/app/webroot/index.php(92): Dispatcher->dispatch(Object(CakeRequest), Object(CakeResponse))
#1 {main}
2012-05-16 19:11:22 Error: [MissingActionException] Action AlbumController::assets() could not be found.
#0 /Users/satoshi-mayumi/Sites/hibidori/lib/Cake/Routing/Dispatcher.php(103): Controller->invokeAction(Object(CakeRequest))
#1 /Users/satoshi-mayumi/Sites/hibidori/lib/Cake/Routing/Dispatcher.php(85): Dispatcher->_invoke(Object(AlbumController), Object(CakeRequest), Object(CakeResponse))
#2 /Users/satoshi-mayumi/Sites/hibidori/app/webroot/index.php(92): Dispatcher->dispatch(Object(CakeRequest), Object(CakeResponse))
#3 {main}
2012-05-16 19:18:44 Error: [MissingControllerException] Controller class AssetsController could not be found.
#0 /Users/satoshi-mayumi/Sites/hibidori/app/webroot/index.php(92): Dispatcher->dispatch(Object(CakeRequest), Object(CakeResponse))
#1 {main}
2012-05-16 19:19:02 Error: [MissingControllerException] Controller class AssetsController could not be found.
#0 /Users/satoshi-mayumi/Sites/hibidori/app/webroot/index.php(92): Dispatcher->dispatch(Object(CakeRequest), Object(CakeResponse))
#1 {main}
2012-05-16 19:19:28 Error: [MissingControllerException] Controller class AssetsController could not be found.
#0 /Users/satoshi-mayumi/Sites/hibidori/app/webroot/index.php(92): Dispatcher->dispatch(Object(CakeRequest), Object(CakeResponse))
#1 {main}
2012-05-16 19:28:55 Error: [MissingControllerException] Controller class AssetsController could not be found.
#0 /Users/satoshi-mayumi/Sites/hibidori/app/webroot/index.php(92): Dispatcher->dispatch(Object(CakeRequest), Object(CakeResponse))
#1 {main}
2012-05-16 19:28:57 Error: [MissingActionException] Action ProfileController::euonymus() could not be found.
#0 /Users/satoshi-mayumi/Sites/hibidori/lib/Cake/Routing/Dispatcher.php(103): Controller->invokeAction(Object(CakeRequest))
#1 /Users/satoshi-mayumi/Sites/hibidori/lib/Cake/Routing/Dispatcher.php(85): Dispatcher->_invoke(Object(ProfileController), Object(CakeRequest), Object(CakeResponse))
#2 /Users/satoshi-mayumi/Sites/hibidori/app/webroot/index.php(92): Dispatcher->dispatch(Object(CakeRequest), Object(CakeResponse))
#3 {main}
2012-05-16 19:28:57 Error: [MissingActionException] Action ProfileController::assets() could not be found.
#0 /Users/satoshi-mayumi/Sites/hibidori/lib/Cake/Routing/Dispatcher.php(103): Controller->invokeAction(Object(CakeRequest))
#1 /Users/satoshi-mayumi/Sites/hibidori/lib/Cake/Routing/Dispatcher.php(85): Dispatcher->_invoke(Object(ProfileController), Object(CakeRequest), Object(CakeResponse))
#2 /Users/satoshi-mayumi/Sites/hibidori/app/webroot/index.php(92): Dispatcher->dispatch(Object(CakeRequest), Object(CakeResponse))
#3 {main}
2012-05-16 19:29:24 Error: [MissingActionException] Action ProfileController::euonymus() could not be found.
#0 /Users/satoshi-mayumi/Sites/hibidori/lib/Cake/Routing/Dispatcher.php(103): Controller->invokeAction(Object(CakeRequest))
#1 /Users/satoshi-mayumi/Sites/hibidori/lib/Cake/Routing/Dispatcher.php(85): Dispatcher->_invoke(Object(ProfileController), Object(CakeRequest), Object(CakeResponse))
#2 /Users/satoshi-mayumi/Sites/hibidori/app/webroot/index.php(92): Dispatcher->dispatch(Object(CakeRequest), Object(CakeResponse))
#3 {main}
2012-05-16 19:29:24 Error: [MissingActionException] Action ProfileController::assets() could not be found.
#0 /Users/satoshi-mayumi/Sites/hibidori/lib/Cake/Routing/Dispatcher.php(103): Controller->invokeAction(Object(CakeRequest))
#1 /Users/satoshi-mayumi/Sites/hibidori/lib/Cake/Routing/Dispatcher.php(85): Dispatcher->_invoke(Object(ProfileController), Object(CakeRequest), Object(CakeResponse))
#2 /Users/satoshi-mayumi/Sites/hibidori/app/webroot/index.php(92): Dispatcher->dispatch(Object(CakeRequest), Object(CakeResponse))
#3 {main}
2012-05-16 19:29:26 Error: [MissingControllerException] Controller class AssetsController could not be found.
#0 /Users/satoshi-mayumi/Sites/hibidori/app/webroot/index.php(92): Dispatcher->dispatch(Object(CakeRequest), Object(CakeResponse))
#1 {main}
2012-05-16 19:30:01 Error: [MissingControllerException] Controller class AssetsController could not be found.
#0 /Users/satoshi-mayumi/Sites/hibidori/app/webroot/index.php(92): Dispatcher->dispatch(Object(CakeRequest), Object(CakeResponse))
#1 {main}
2012-05-16 19:30:24 Error: [MissingControllerException] Controller class AssetsController could not be found.
#0 /Users/satoshi-mayumi/Sites/hibidori/app/webroot/index.php(92): Dispatcher->dispatch(Object(CakeRequest), Object(CakeResponse))
#1 {main}
2012-05-16 19:30:26 Error: [MissingControllerException] Controller class Controller could not be found.
#0 /Users/satoshi-mayumi/Sites/hibidori/app/webroot/index.php(92): Dispatcher->dispatch(Object(CakeRequest), Object(CakeResponse))
#1 {main}
2012-05-16 19:30:26 Error: [MissingControllerException] Controller class Controller could not be found.
#0 /Users/satoshi-mayumi/Sites/hibidori/app/webroot/index.php(92): Dispatcher->dispatch(Object(CakeRequest), Object(CakeResponse))
#1 {main}
2012-05-16 19:33:38 Error: [MissingControllerException] Controller class AssetsController could not be found.
#0 /Users/satoshi-mayumi/Sites/hibidori/app/webroot/index.php(92): Dispatcher->dispatch(Object(CakeRequest), Object(CakeResponse))
#1 {main}
2012-05-16 19:33:57 Error: [MissingControllerException] Controller class AssetsController could not be found.
#0 /Users/satoshi-mayumi/Sites/hibidori/app/webroot/index.php(92): Dispatcher->dispatch(Object(CakeRequest), Object(CakeResponse))
#1 {main}
2012-05-16 19:34:03 Error: [MissingActionException] Action AlbumController::assets() could not be found.
#0 /Users/satoshi-mayumi/Sites/hibidori/lib/Cake/Routing/Dispatcher.php(103): Controller->invokeAction(Object(CakeRequest))
#1 /Users/satoshi-mayumi/Sites/hibidori/lib/Cake/Routing/Dispatcher.php(85): Dispatcher->_invoke(Object(AlbumController), Object(CakeRequest), Object(CakeResponse))
#2 /Users/satoshi-mayumi/Sites/hibidori/app/webroot/index.php(92): Dispatcher->dispatch(Object(CakeRequest), Object(CakeResponse))
#3 {main}
<<<<<<< HEAD
>>>>>>> 1e20efa8126ee33b6fc7443aee1948f787a31ccb
=======
2012-05-16 19:44:04 Error: [MissingComponentException] Component class OauthLoginComponent could not be found.
#0 /Users/satoshi-mayumi/Sites/hibidori/lib/Cake/Controller/ComponentCollection.php(52): ComponentCollection->load('OauthLogin', Array)
#1 /Users/satoshi-mayumi/Sites/hibidori/lib/Cake/Controller/Controller.php(635): ComponentCollection->init(Object(OauthController))
#2 /Users/satoshi-mayumi/Sites/hibidori/lib/Cake/Routing/Dispatcher.php(99): Controller->constructClasses()
#3 /Users/satoshi-mayumi/Sites/hibidori/lib/Cake/Routing/Dispatcher.php(85): Dispatcher->_invoke(Object(OauthController), Object(CakeRequest), Object(CakeResponse))
#4 /Users/satoshi-mayumi/Sites/hibidori/app/webroot/index.php(92): Dispatcher->dispatch(Object(CakeRequest), Object(CakeResponse))
#5 {main}
2012-05-16 19:44:04 Error: [MissingControllerException] Controller class AssetsController could not be found.
#0 /Users/satoshi-mayumi/Sites/hibidori/app/webroot/index.php(92): Dispatcher->dispatch(Object(CakeRequest), Object(CakeResponse))
#1 {main}
2012-05-16 19:49:17 Error: [MissingComponentException] Component class UtilComponent could not be found.
#0 /Users/satoshi-mayumi/Sites/hibidori/lib/Cake/Controller/ComponentCollection.php(52): ComponentCollection->load('Util', Array)
#1 /Users/satoshi-mayumi/Sites/hibidori/lib/Cake/Controller/Controller.php(635): ComponentCollection->init(Object(OauthController))
#2 /Users/satoshi-mayumi/Sites/hibidori/lib/Cake/Routing/Dispatcher.php(99): Controller->constructClasses()
#3 /Users/satoshi-mayumi/Sites/hibidori/lib/Cake/Routing/Dispatcher.php(85): Dispatcher->_invoke(Object(OauthController), Object(CakeRequest), Object(CakeResponse))
#4 /Users/satoshi-mayumi/Sites/hibidori/app/webroot/index.php(92): Dispatcher->dispatch(Object(CakeRequest), Object(CakeResponse))
#5 {main}
2012-05-16 19:49:18 Error: [MissingControllerException] Controller class AssetsController could not be found.
#0 /Users/satoshi-mayumi/Sites/hibidori/app/webroot/index.php(92): Dispatcher->dispatch(Object(CakeRequest), Object(CakeResponse))
#1 {main}
2012-05-17 16:53:03 Error: [MissingControllerException] Controller class AssetsController could not be found.
#0 /Users/satoshi-mayumi/Sites/hibidori/app/webroot/index.php(92): Dispatcher->dispatch(Object(CakeRequest), Object(CakeResponse))
#1 {main}
2012-05-17 17:41:35 Error: [MissingControllerException] Controller class AssetsController could not be found.
#0 /Users/satoshi-mayumi/Sites/hibidori/app/webroot/index.php(92): Dispatcher->dispatch(Object(CakeRequest), Object(CakeResponse))
#1 {main}
2012-05-17 18:10:34 Error: [MissingControllerException] Controller class AssetsController could not be found.
#0 /Users/satoshi-mayumi/Sites/hibidori/app/webroot/index.php(92): Dispatcher->dispatch(Object(CakeRequest), Object(CakeResponse))
#1 {main}
2012-05-17 18:32:10 Error: BITLY API FAILURE: URL: http://google/com. Status_code: 500. Status: INVALID_URI
2012-05-17 18:41:15 Error: [MissingControllerException] Controller class AssetsController could not be found.
#0 /Users/satoshi-mayumi/Sites/hibidori/app/webroot/index.php(92): Dispatcher->dispatch(Object(CakeRequest), Object(CakeResponse))
#1 {main}
2012-05-17 18:41:21 Error: [MissingControllerException] Controller class AssetsController could not be found.
#0 /Users/satoshi-mayumi/Sites/hibidori/app/webroot/index.php(92): Dispatcher->dispatch(Object(CakeRequest), Object(CakeResponse))
#1 {main}
2012-05-17 18:41:24 Error: [MissingControllerException] Controller class AssetsController could not be found.
#0 /Users/satoshi-mayumi/Sites/hibidori/app/webroot/index.php(92): Dispatcher->dispatch(Object(CakeRequest), Object(CakeResponse))
#1 {main}
2012-05-17 18:41:26 Error: [MissingActionException] Action AlbumController::assets() could not be found.
#0 /Users/satoshi-mayumi/Sites/hibidori/lib/Cake/Routing/Dispatcher.php(103): Controller->invokeAction(Object(CakeRequest))
#1 /Users/satoshi-mayumi/Sites/hibidori/lib/Cake/Routing/Dispatcher.php(85): Dispatcher->_invoke(Object(AlbumController), Object(CakeRequest), Object(CakeResponse))
#2 /Users/satoshi-mayumi/Sites/hibidori/app/webroot/index.php(92): Dispatcher->dispatch(Object(CakeRequest), Object(CakeResponse))
#3 {main}
2012-05-17 18:43:09 Error: [MissingControllerException] Controller class AssetsController could not be found.
#0 /Users/satoshi-mayumi/Sites/hibidori/app/webroot/index.php(92): Dispatcher->dispatch(Object(CakeRequest), Object(CakeResponse))
#1 {main}
2012-05-17 18:43:13 Error: [MissingControllerException] Controller class AssetsController could not be found.
#0 /Users/satoshi-mayumi/Sites/hibidori/app/webroot/index.php(92): Dispatcher->dispatch(Object(CakeRequest), Object(CakeResponse))
#1 {main}
2012-05-17 18:43:28 Error: [MissingControllerException] Controller class HomeController could not be found.
#0 /Users/satoshi-mayumi/Sites/hibidori/app/webroot/index.php(92): Dispatcher->dispatch(Object(CakeRequest), Object(CakeResponse))
#1 {main}
2012-05-17 18:43:28 Error: [MissingControllerException] Controller class AssetsController could not be found.
#0 /Users/satoshi-mayumi/Sites/hibidori/app/webroot/index.php(92): Dispatcher->dispatch(Object(CakeRequest), Object(CakeResponse))
#1 {main}
2012-05-17 18:43:42 Error: [MissingControllerException] Controller class AssetsController could not be found.
#0 /Users/satoshi-mayumi/Sites/hibidori/app/webroot/index.php(92): Dispatcher->dispatch(Object(CakeRequest), Object(CakeResponse))
#1 {main}
2012-05-17 18:44:13 Error: [MissingControllerException] Controller class AssetsController could not be found.
#0 /Users/satoshi-mayumi/Sites/hibidori/app/webroot/index.php(92): Dispatcher->dispatch(Object(CakeRequest), Object(CakeResponse))
#1 {main}
2012-05-17 18:44:35 Error: [MissingControllerException] Controller class AssetsController could not be found.
#0 /Users/satoshi-mayumi/Sites/hibidori/app/webroot/index.php(92): Dispatcher->dispatch(Object(CakeRequest), Object(CakeResponse))
#1 {main}
2012-05-17 18:52:11 Error: [MissingControllerException] Controller class AssetsController could not be found.
#0 /Users/satoshi-mayumi/Sites/hibidori/app/webroot/index.php(92): Dispatcher->dispatch(Object(CakeRequest), Object(CakeResponse))
#1 {main}
2012-05-17 18:56:53 Error: [MissingControllerException] Controller class AssetsController could not be found.
#0 /Users/satoshi-mayumi/Sites/hibidori/app/webroot/index.php(92): Dispatcher->dispatch(Object(CakeRequest), Object(CakeResponse))
#1 {main}
2012-05-17 18:57:03 Error: [MissingControllerException] Controller class OauthController could not be found.
#0 /Users/satoshi-mayumi/Sites/hibidori/app/webroot/index.php(92): Dispatcher->dispatch(Object(CakeRequest), Object(CakeResponse))
#1 {main}
2012-05-17 18:57:03 Error: [MissingControllerException] Controller class OauthController could not be found.
#0 /Users/satoshi-mayumi/Sites/hibidori/app/webroot/index.php(92): Dispatcher->dispatch(Object(CakeRequest), Object(CakeResponse))
#1 {main}
2012-05-17 18:57:49 Error: [MissingControllerException] Controller class AssetsController could not be found.
#0 /Users/satoshi-mayumi/Sites/hibidori/app/webroot/index.php(92): Dispatcher->dispatch(Object(CakeRequest), Object(CakeResponse))
#1 {main}
2012-05-17 19:00:35 Error: [MissingControllerException] Controller class AssetsController could not be found.
#0 /Users/satoshi-mayumi/Sites/hibidori/app/webroot/index.php(92): Dispatcher->dispatch(Object(CakeRequest), Object(CakeResponse))
#1 {main}
2012-05-17 19:00:46 Error: [MissingControllerException] Controller class AssetsController could not be found.
#0 /Users/satoshi-mayumi/Sites/hibidori/app/webroot/index.php(92): Dispatcher->dispatch(Object(CakeRequest), Object(CakeResponse))
#1 {main}
2012-05-17 19:01:38 Error: [MissingControllerException] Controller class AssetsController could not be found.
#0 /Users/satoshi-mayumi/Sites/hibidori/app/webroot/index.php(92): Dispatcher->dispatch(Object(CakeRequest), Object(CakeResponse))
#1 {main}
2012-05-17 19:01:55 Error: [MissingActionException] Action AlbumController::assets() could not be found.
#0 /Users/satoshi-mayumi/Sites/hibidori/lib/Cake/Routing/Dispatcher.php(103): Controller->invokeAction(Object(CakeRequest))
#1 /Users/satoshi-mayumi/Sites/hibidori/lib/Cake/Routing/Dispatcher.php(85): Dispatcher->_invoke(Object(AlbumController), Object(CakeRequest), Object(CakeResponse))
#2 /Users/satoshi-mayumi/Sites/hibidori/app/webroot/index.php(92): Dispatcher->dispatch(Object(CakeRequest), Object(CakeResponse))
#3 {main}
<<<<<<< HEAD
>>>>>>> 3a86889cd55133c469219b7e90d7db582d159bff
=======
2012-05-17 19:14:01 Error: [MissingActionException] Action AlbumController::assets() could not be found.
#0 /Users/satoshi-mayumi/Sites/hibidori/lib/Cake/Routing/Dispatcher.php(103): Controller->invokeAction(Object(CakeRequest))
#1 /Users/satoshi-mayumi/Sites/hibidori/lib/Cake/Routing/Dispatcher.php(85): Dispatcher->_invoke(Object(AlbumController), Object(CakeRequest), Object(CakeResponse))
#2 /Users/satoshi-mayumi/Sites/hibidori/app/webroot/index.php(92): Dispatcher->dispatch(Object(CakeRequest), Object(CakeResponse))
#3 {main}
2012-05-17 19:16:24 Error: [MissingActionException] Action AlbumController::assets() could not be found.
#0 /Users/satoshi-mayumi/Sites/hibidori/lib/Cake/Routing/Dispatcher.php(103): Controller->invokeAction(Object(CakeRequest))
#1 /Users/satoshi-mayumi/Sites/hibidori/lib/Cake/Routing/Dispatcher.php(85): Dispatcher->_invoke(Object(AlbumController), Object(CakeRequest), Object(CakeResponse))
#2 /Users/satoshi-mayumi/Sites/hibidori/app/webroot/index.php(92): Dispatcher->dispatch(Object(CakeRequest), Object(CakeResponse))
#3 {main}
2012-05-17 19:16:35 Error: [MissingActionException] Action AlbumController::assets() could not be found.
#0 /Users/satoshi-mayumi/Sites/hibidori/lib/Cake/Routing/Dispatcher.php(103): Controller->invokeAction(Object(CakeRequest))
#1 /Users/satoshi-mayumi/Sites/hibidori/lib/Cake/Routing/Dispatcher.php(85): Dispatcher->_invoke(Object(AlbumController), Object(CakeRequest), Object(CakeResponse))
#2 /Users/satoshi-mayumi/Sites/hibidori/app/webroot/index.php(92): Dispatcher->dispatch(Object(CakeRequest), Object(CakeResponse))
#3 {main}
2012-05-17 19:16:44 Error: [MissingActionException] Action AlbumController::assets() could not be found.
#0 /Users/satoshi-mayumi/Sites/hibidori/lib/Cake/Routing/Dispatcher.php(103): Controller->invokeAction(Object(CakeRequest))
#1 /Users/satoshi-mayumi/Sites/hibidori/lib/Cake/Routing/Dispatcher.php(85): Dispatcher->_invoke(Object(AlbumController), Object(CakeRequest), Object(CakeResponse))
#2 /Users/satoshi-mayumi/Sites/hibidori/app/webroot/index.php(92): Dispatcher->dispatch(Object(CakeRequest), Object(CakeResponse))
#3 {main}
2012-05-17 19:18:17 Error: [MissingActionException] Action AlbumController::assets() could not be found.
#0 /Users/satoshi-mayumi/Sites/hibidori/lib/Cake/Routing/Dispatcher.php(103): Controller->invokeAction(Object(CakeRequest))
#1 /Users/satoshi-mayumi/Sites/hibidori/lib/Cake/Routing/Dispatcher.php(85): Dispatcher->_invoke(Object(AlbumController), Object(CakeRequest), Object(CakeResponse))
#2 /Users/satoshi-mayumi/Sites/hibidori/app/webroot/index.php(92): Dispatcher->dispatch(Object(CakeRequest), Object(CakeResponse))
#3 {main}
2012-05-17 19:19:37 Error: [MissingActionException] Action AlbumController::assets() could not be found.
#0 /Users/satoshi-mayumi/Sites/hibidori/lib/Cake/Routing/Dispatcher.php(103): Controller->invokeAction(Object(CakeRequest))
#1 /Users/satoshi-mayumi/Sites/hibidori/lib/Cake/Routing/Dispatcher.php(85): Dispatcher->_invoke(Object(AlbumController), Object(CakeRequest), Object(CakeResponse))
#2 /Users/satoshi-mayumi/Sites/hibidori/app/webroot/index.php(92): Dispatcher->dispatch(Object(CakeRequest), Object(CakeResponse))
#3 {main}
2012-05-17 19:19:55 Error: [MissingActionException] Action AlbumController::assets() could not be found.
#0 /Users/satoshi-mayumi/Sites/hibidori/lib/Cake/Routing/Dispatcher.php(103): Controller->invokeAction(Object(CakeRequest))
#1 /Users/satoshi-mayumi/Sites/hibidori/lib/Cake/Routing/Dispatcher.php(85): Dispatcher->_invoke(Object(AlbumController), Object(CakeRequest), Object(CakeResponse))
#2 /Users/satoshi-mayumi/Sites/hibidori/app/webroot/index.php(92): Dispatcher->dispatch(Object(CakeRequest), Object(CakeResponse))
#3 {main}
2012-05-17 19:20:04 Error: [MissingActionException] Action AlbumController::assets() could not be found.
#0 /Users/satoshi-mayumi/Sites/hibidori/lib/Cake/Routing/Dispatcher.php(103): Controller->invokeAction(Object(CakeRequest))
#1 /Users/satoshi-mayumi/Sites/hibidori/lib/Cake/Routing/Dispatcher.php(85): Dispatcher->_invoke(Object(AlbumController), Object(CakeRequest), Object(CakeResponse))
#2 /Users/satoshi-mayumi/Sites/hibidori/app/webroot/index.php(92): Dispatcher->dispatch(Object(CakeRequest), Object(CakeResponse))
#3 {main}
2012-05-17 19:23:12 Error: [MissingActionException] Action AlbumController::assets() could not be found.
#0 /Users/satoshi-mayumi/Sites/hibidori/lib/Cake/Routing/Dispatcher.php(103): Controller->invokeAction(Object(CakeRequest))
#1 /Users/satoshi-mayumi/Sites/hibidori/lib/Cake/Routing/Dispatcher.php(85): Dispatcher->_invoke(Object(AlbumController), Object(CakeRequest), Object(CakeResponse))
#2 /Users/satoshi-mayumi/Sites/hibidori/app/webroot/index.php(92): Dispatcher->dispatch(Object(CakeRequest), Object(CakeResponse))
#3 {main}
2012-05-17 19:23:56 Error: [MissingActionException] Action AlbumController::assets() could not be found.
#0 /Users/satoshi-mayumi/Sites/hibidori/lib/Cake/Routing/Dispatcher.php(103): Controller->invokeAction(Object(CakeRequest))
#1 /Users/satoshi-mayumi/Sites/hibidori/lib/Cake/Routing/Dispatcher.php(85): Dispatcher->_invoke(Object(AlbumController), Object(CakeRequest), Object(CakeResponse))
#2 /Users/satoshi-mayumi/Sites/hibidori/app/webroot/index.php(92): Dispatcher->dispatch(Object(CakeRequest), Object(CakeResponse))
#3 {main}
2012-05-17 19:24:08 Error: [MissingControllerException] Controller class AssetsController could not be found.
#0 /Users/satoshi-mayumi/Sites/hibidori/app/webroot/index.php(92): Dispatcher->dispatch(Object(CakeRequest), Object(CakeResponse))
#1 {main}
2012-05-17 19:24:58 Error: [MissingControllerException] Controller class AssetsController could not be found.
#0 /Users/satoshi-mayumi/Sites/hibidori/app/webroot/index.php(92): Dispatcher->dispatch(Object(CakeRequest), Object(CakeResponse))
#1 {main}
2012-05-17 19:25:13 Error: [MissingActionException] Action AlbumController::assets() could not be found.
#0 /Users/satoshi-mayumi/Sites/hibidori/lib/Cake/Routing/Dispatcher.php(103): Controller->invokeAction(Object(CakeRequest))
#1 /Users/satoshi-mayumi/Sites/hibidori/lib/Cake/Routing/Dispatcher.php(85): Dispatcher->_invoke(Object(AlbumController), Object(CakeRequest), Object(CakeResponse))
#2 /Users/satoshi-mayumi/Sites/hibidori/app/webroot/index.php(92): Dispatcher->dispatch(Object(CakeRequest), Object(CakeResponse))
#3 {main}
2012-05-17 19:27:42 Error: [MissingActionException] Action AlbumController::assets() could not be found.
#0 /Users/satoshi-mayumi/Sites/hibidori/lib/Cake/Routing/Dispatcher.php(103): Controller->invokeAction(Object(CakeRequest))
#1 /Users/satoshi-mayumi/Sites/hibidori/lib/Cake/Routing/Dispatcher.php(85): Dispatcher->_invoke(Object(AlbumController), Object(CakeRequest), Object(CakeResponse))
#2 /Users/satoshi-mayumi/Sites/hibidori/app/webroot/index.php(92): Dispatcher->dispatch(Object(CakeRequest), Object(CakeResponse))
#3 {main}
2012-05-17 19:28:42 Error: [MissingActionException] Action AlbumController::assets() could not be found.
#0 /Users/satoshi-mayumi/Sites/hibidori/lib/Cake/Routing/Dispatcher.php(103): Controller->invokeAction(Object(CakeRequest))
#1 /Users/satoshi-mayumi/Sites/hibidori/lib/Cake/Routing/Dispatcher.php(85): Dispatcher->_invoke(Object(AlbumController), Object(CakeRequest), Object(CakeResponse))
#2 /Users/satoshi-mayumi/Sites/hibidori/app/webroot/index.php(92): Dispatcher->dispatch(Object(CakeRequest), Object(CakeResponse))
#3 {main}
2012-05-17 19:29:50 Error: [MissingActionException] Action AlbumController::assets() could not be found.
#0 /Users/satoshi-mayumi/Sites/hibidori/lib/Cake/Routing/Dispatcher.php(103): Controller->invokeAction(Object(CakeRequest))
#1 /Users/satoshi-mayumi/Sites/hibidori/lib/Cake/Routing/Dispatcher.php(85): Dispatcher->_invoke(Object(AlbumController), Object(CakeRequest), Object(CakeResponse))
#2 /Users/satoshi-mayumi/Sites/hibidori/app/webroot/index.php(92): Dispatcher->dispatch(Object(CakeRequest), Object(CakeResponse))
#3 {main}
2012-05-17 19:30:53 Error: [MissingActionException] Action AlbumController::assets() could not be found.
#0 /Users/satoshi-mayumi/Sites/hibidori/lib/Cake/Routing/Dispatcher.php(103): Controller->invokeAction(Object(CakeRequest))
#1 /Users/satoshi-mayumi/Sites/hibidori/lib/Cake/Routing/Dispatcher.php(85): Dispatcher->_invoke(Object(AlbumController), Object(CakeRequest), Object(CakeResponse))
#2 /Users/satoshi-mayumi/Sites/hibidori/app/webroot/index.php(92): Dispatcher->dispatch(Object(CakeRequest), Object(CakeResponse))
#3 {main}
2012-05-17 19:31:04 Error: [MissingActionException] Action AlbumController::assets() could not be found.
#0 /Users/satoshi-mayumi/Sites/hibidori/lib/Cake/Routing/Dispatcher.php(103): Controller->invokeAction(Object(CakeRequest))
#1 /Users/satoshi-mayumi/Sites/hibidori/lib/Cake/Routing/Dispatcher.php(85): Dispatcher->_invoke(Object(AlbumController), Object(CakeRequest), Object(CakeResponse))
#2 /Users/satoshi-mayumi/Sites/hibidori/app/webroot/index.php(92): Dispatcher->dispatch(Object(CakeRequest), Object(CakeResponse))
#3 {main}
2012-05-17 19:31:41 Error: [MissingActionException] Action AlbumController::assets() could not be found.
#0 /Users/satoshi-mayumi/Sites/hibidori/lib/Cake/Routing/Dispatcher.php(103): Controller->invokeAction(Object(CakeRequest))
#1 /Users/satoshi-mayumi/Sites/hibidori/lib/Cake/Routing/Dispatcher.php(85): Dispatcher->_invoke(Object(AlbumController), Object(CakeRequest), Object(CakeResponse))
#2 /Users/satoshi-mayumi/Sites/hibidori/app/webroot/index.php(92): Dispatcher->dispatch(Object(CakeRequest), Object(CakeResponse))
#3 {main}
2012-05-17 19:32:34 Error: [MissingActionException] Action AlbumController::assets() could not be found.
#0 /Users/satoshi-mayumi/Sites/hibidori/lib/Cake/Routing/Dispatcher.php(103): Controller->invokeAction(Object(CakeRequest))
#1 /Users/satoshi-mayumi/Sites/hibidori/lib/Cake/Routing/Dispatcher.php(85): Dispatcher->_invoke(Object(AlbumController), Object(CakeRequest), Object(CakeResponse))
#2 /Users/satoshi-mayumi/Sites/hibidori/app/webroot/index.php(92): Dispatcher->dispatch(Object(CakeRequest), Object(CakeResponse))
#3 {main}
2012-05-17 19:32:49 Error: [MissingActionException] Action AlbumController::assets() could not be found.
#0 /Users/satoshi-mayumi/Sites/hibidori/lib/Cake/Routing/Dispatcher.php(103): Controller->invokeAction(Object(CakeRequest))
#1 /Users/satoshi-mayumi/Sites/hibidori/lib/Cake/Routing/Dispatcher.php(85): Dispatcher->_invoke(Object(AlbumController), Object(CakeRequest), Object(CakeResponse))
#2 /Users/satoshi-mayumi/Sites/hibidori/app/webroot/index.php(92): Dispatcher->dispatch(Object(CakeRequest), Object(CakeResponse))
#3 {main}
2012-05-17 19:33:41 Error: [MissingActionException] Action AlbumController::assets() could not be found.
#0 /Users/satoshi-mayumi/Sites/hibidori/lib/Cake/Routing/Dispatcher.php(103): Controller->invokeAction(Object(CakeRequest))
#1 /Users/satoshi-mayumi/Sites/hibidori/lib/Cake/Routing/Dispatcher.php(85): Dispatcher->_invoke(Object(AlbumController), Object(CakeRequest), Object(CakeResponse))
#2 /Users/satoshi-mayumi/Sites/hibidori/app/webroot/index.php(92): Dispatcher->dispatch(Object(CakeRequest), Object(CakeResponse))
#3 {main}
2012-05-17 19:34:04 Error: [MissingActionException] Action AlbumController::assets() could not be found.
#0 /Users/satoshi-mayumi/Sites/hibidori/lib/Cake/Routing/Dispatcher.php(103): Controller->invokeAction(Object(CakeRequest))
#1 /Users/satoshi-mayumi/Sites/hibidori/lib/Cake/Routing/Dispatcher.php(85): Dispatcher->_invoke(Object(AlbumController), Object(CakeRequest), Object(CakeResponse))
#2 /Users/satoshi-mayumi/Sites/hibidori/app/webroot/index.php(92): Dispatcher->dispatch(Object(CakeRequest), Object(CakeResponse))
#3 {main}
2012-05-17 19:34:14 Error: [MissingControllerException] Controller class AssetsController could not be found.
#0 /Users/satoshi-mayumi/Sites/hibidori/app/webroot/index.php(92): Dispatcher->dispatch(Object(CakeRequest), Object(CakeResponse))
#1 {main}
2012-05-17 19:34:54 Error: [MissingControllerException] Controller class AssetsController could not be found.
#0 /Users/satoshi-mayumi/Sites/hibidori/app/webroot/index.php(92): Dispatcher->dispatch(Object(CakeRequest), Object(CakeResponse))
#1 {main}
2012-05-17 19:34:56 Error: [MissingControllerException] Controller class AssetsController could not be found.
#0 /Users/satoshi-mayumi/Sites/hibidori/app/webroot/index.php(92): Dispatcher->dispatch(Object(CakeRequest), Object(CakeResponse))
#1 {main}
2012-05-17 19:35:06 Error: [MissingControllerException] Controller class AssetsController could not be found.
#0 /Users/satoshi-mayumi/Sites/hibidori/app/webroot/index.php(92): Dispatcher->dispatch(Object(CakeRequest), Object(CakeResponse))
#1 {main}
2012-05-17 19:35:38 Error: [MissingActionException] Action AlbumController::assets() could not be found.
#0 /Users/satoshi-mayumi/Sites/hibidori/lib/Cake/Routing/Dispatcher.php(103): Controller->invokeAction(Object(CakeRequest))
#1 /Users/satoshi-mayumi/Sites/hibidori/lib/Cake/Routing/Dispatcher.php(85): Dispatcher->_invoke(Object(AlbumController), Object(CakeRequest), Object(CakeResponse))
#2 /Users/satoshi-mayumi/Sites/hibidori/app/webroot/index.php(92): Dispatcher->dispatch(Object(CakeRequest), Object(CakeResponse))
#3 {main}
2012-05-17 19:35:50 Error: [MissingActionException] Action AlbumController::assets() could not be found.
#0 /Users/satoshi-mayumi/Sites/hibidori/lib/Cake/Routing/Dispatcher.php(103): Controller->invokeAction(Object(CakeRequest))
#1 /Users/satoshi-mayumi/Sites/hibidori/lib/Cake/Routing/Dispatcher.php(85): Dispatcher->_invoke(Object(AlbumController), Object(CakeRequest), Object(CakeResponse))
#2 /Users/satoshi-mayumi/Sites/hibidori/app/webroot/index.php(92): Dispatcher->dispatch(Object(CakeRequest), Object(CakeResponse))
#3 {main}
2012-05-17 19:36:12 Error: [MissingActionException] Action AlbumController::assets() could not be found.
#0 /Users/satoshi-mayumi/Sites/hibidori/lib/Cake/Routing/Dispatcher.php(103): Controller->invokeAction(Object(CakeRequest))
#1 /Users/satoshi-mayumi/Sites/hibidori/lib/Cake/Routing/Dispatcher.php(85): Dispatcher->_invoke(Object(AlbumController), Object(CakeRequest), Object(CakeResponse))
#2 /Users/satoshi-mayumi/Sites/hibidori/app/webroot/index.php(92): Dispatcher->dispatch(Object(CakeRequest), Object(CakeResponse))
#3 {main}
>>>>>>> 35e6edf26595395a23a53e699e591bf2b99130d4
>>>>>>> d2a3a8cc21c63a61dfa654fb6a76d0b7fca6fe4a
2012-05-17 20:42:50 Error: [MissingControllerException] Controller class AssetsController could not be found.
#0 C:\hibidori\app\webroot\index.php(92): Dispatcher->dispatch(Object(CakeRequest), Object(CakeResponse))
#1 {main}
2012-05-17 20:46:13 Error: [MissingControllerException] Controller class AssetsController could not be found.
#0 C:\hibidori\app\webroot\index.php(92): Dispatcher->dispatch(Object(CakeRequest), Object(CakeResponse))
#1 {main}
2012-05-17 20:48:44 Error: [MissingControllerException] Controller class AssetsController could not be found.
#0 C:\hibidori\app\webroot\index.php(92): Dispatcher->dispatch(Object(CakeRequest), Object(CakeResponse))
#1 {main}
2012-05-17 20:56:23 Error: [MissingControllerException] Controller class AssetsController could not be found.
#0 C:\hibidori\app\webroot\index.php(92): Dispatcher->dispatch(Object(CakeRequest), Object(CakeResponse))
#1 {main}
2012-05-17 20:56:59 Error: [MissingControllerException] Controller class AssetsController could not be found.
#0 C:\hibidori\app\webroot\index.php(92): Dispatcher->dispatch(Object(CakeRequest), Object(CakeResponse))
#1 {main}
2012-05-17 20:57:22 Error: [MissingControllerException] Controller class AssetsController could not be found.
#0 C:\hibidori\app\webroot\index.php(92): Dispatcher->dispatch(Object(CakeRequest), Object(CakeResponse))
#1 {main}
